MPASM  5.35beta                  CODIGOOBJETO.ASM   12-18-2023  13:48:57         PAGE  1


LOC  OBJECT CODE     LINE SOURCE TEXT
  VALUE

Warning[205]: Found directive in column 1. (include)
                      00001 include "p16F84A.inc" 
                      00001         LIST
                      00002 ; P16F84A.INC  Standard Header File, Version 2.00    Microchip Technology, Inc.
Message[301]: MESSAGE: (Processor-header file mismatch.  Verify selected processor.)
                      00134         LIST
Warning[205]: Found directive in column 1. (__CONFIG)
2007   3FF1           00002 __CONFIG        _CP_OFF &  _WDT_OFF & _PWRTE_ON & _XT_OSC
                      00003 
Warning[205]: Found directive in column 1. (LIST)
Warning[215]: Processor superseded by command line.  Verify processor symbol.
                      00004 LIST P=16F84A
  00000006            00005 portb equ h'06'
  00000001            00006 timer equ h'01'
  00000003            00007 status equ h'03'
  0000000E            00008 Cont1 equ 0x0E
  0000000D            00009 contador equ 0x0D
  00000010            00010 contadorRep1 equ 0x10
  00000011            00011 contadorRep2 equ 0x11
  00000012            00012 contadorRep3 equ 0x12
  00000013            00013 contadorRep4 equ 0x13
  00000014            00014 contadorRep5 equ 0x14
  00000015            00015 contadorRep6 equ 0x15
  00000016            00016 contadorRep7 equ 0x16
  00000017            00017 contadorRep8 equ 0x17
  00000018            00018 contadorRep0 equ 0x18
  00000019            00019 contadorRep10 equ 0x19
  0000000F            00020 Cont2 equ 0x0F
Warning[205]: Found directive in column 1. (org)
0000                  00021 org 0
                      00022 ; --------- iniciamos puertos y temporizador --
Warning[203]: Found opcode in column 1. (bsf)
0000   1683           00023 bsf status,5 ; Pasamos al banco 1
Warning[203]: Found opcode in column 1. (movlw)
0001   30D5           00024 movlw b'11010101' ; Cargamos el valor en W
Warning[203]: Found opcode in column 1. (movwf)
0002   0081           00025 movwf timer ; Registro Option del timer
Warning[203]: Found opcode in column 1. (movlw)
0003   3030           00026 movlw b'00110000' ; Cargamos 00 en el registro
Warning[203]: Found opcode in column 1. (movwf)
0004   0086           00027 movwf portb ; Puerto B (salidas)
Warning[203]: Found opcode in column 1. (bcf)
0005   1283           00028 bcf status,5 ; Pasamos al banco 0
Warning[203]: Found opcode in column 1. (clrf)
0006   0186           00029 clrf portb ; Ponemos la salida PORTB a 0
                      00030 ;======================================
                      00031 ;IZQUIERDA 1s
                      00032 izquierda MACRO
                      00033 bsf portb,0 ; Ponemos un 1 en la salida 0 del port B
                      00034 bsf portb,2 ; Ponemos un 1 en la salida 2 del port B
                      00035 call DELAY
                      00036 call DELAY
                      00037 call DELAY
MPASM  5.35beta                  CODIGOOBJETO.ASM   12-18-2023  13:48:57         PAGE  2


LOC  OBJECT CODE     LINE SOURCE TEXT
  VALUE

                      00038 call DELAY
                      00039 call DELAY
                      00040 bcf portb,0
                      00041 bcf portb,2; Ponemos a 0 el bit 3 del port B
                      00042 call DELAY
Warning[205]: Found directive in column 1. (endm)
                      00043 endm
                      00044 ;====================
                      00045 ;DERECHA 1s
                      00046 derecha MACRO
                      00047 bsf portb,1 ; Ponemos un 1 en la salida 1 del port B
                      00048 bsf portb,3 ; Ponemos un 1 en la salida 3 del port B
                      00049 call DELAY 
                      00050 call DELAY
                      00051 call DELAY
                      00052 call DELAY
                      00053 call DELAY
                      00054 bcf portb,1; Ponemos a 0 el bit 1 del port B 
                      00055 bcf portb,3; Ponemos a 0 el bit 3 del port B
                      00056 call DELAY
Warning[205]: Found directive in column 1. (endm)
                      00057 endm
                      00058 ;===========
                      00059 ;ATRAS 1s
Warning[203]: Found opcode in column 1. (call)
0007   2187           00060 call DELAY
                      00061 ;ATRAS 1s
                      00062 atras MACRO
                      00063 bsf portb,0 ; Ponemos un 1 en la salida 0 del port B
                      00064 bsf portb,3 ; Ponemos un 1 en la salida 3 del port B
                      00065 call DELAY
                      00066 call DELAY
                      00067 call DELAY
                      00068 call DELAY
                      00069 call DELAY
                      00070 bcf portb,0; Ponemos a 0 el bit 0 del port B
                      00071 bcf portb,3; Ponemos a 0 el bit 3 del port B
                      00072 call DELAY
Warning[205]: Found directive in column 1. (endm)
                      00073 endm
                      00074 ;=======
                      00075 ;ADELANTE 1s
                      00076 adelante MACRO
                      00077 bsf portb,1 ; Ponemos un 1 en la salida 1 del port B
                      00078 bsf portb,2 ; Ponemos un 1 en la salida 2 del port B
                      00079 call DELAY 
                      00080 call DELAY 
                      00081 call DELAY 
                      00082 call DELAY 
                      00083 call DELAY 
                      00084 bcf portb,1; Ponemos a 0 el bit 0 del port B
                      00085 bcf portb,2; Ponemos a 0 el bit 3 del port B
                      00086 call DELAY 
MPASM  5.35beta                  CODIGOOBJETO.ASM   12-18-2023  13:48:57         PAGE  3


LOC  OBJECT CODE     LINE SOURCE TEXT
  VALUE

Warning[205]: Found directive in column 1. (endm)
                      00087 endm
                      00088 ;===========
                      00089 ;SEMILLAS 1s
                      00090 plantar MACRO
                      00091 bsf portb,6 ; Ponemos un 1 en la salida 1 del port B
                      00092 call DELAY 
                      00093 call DELAY 
                      00094 call DELAY 
                      00095 call DELAY 
                      00096 call DELAY 
                      00097 bcf portb,6; Ponemos a 0 el bit 1 del port B
                      00098 call DELAY
Warning[205]: Found directive in column 1. (endm)
                      00099 endm
                      00100 ;=====
                      00101 ;LUCES 1s
                      00102 luces MACRO
                      00103 bsf portb,7 ; Ponemos un 1 en la salida 1 del port B
                      00104 call DELAY 
                      00105 call DELAY 
                      00106 call DELAY 
                      00107 call DELAY 
                      00108 call DELAY 
                      00109 bcf portb,7 ; Ponemos un 1 en la salida 1 del port B
                      00110 call DELAY 
Warning[205]: Found directive in column 1. (endm)
                      00111 endm
                      00112 ; ========= Programa principal 
                      00113 
                      00114 ;==adelante(5)==
Warning[206]: Found call to macro in column 1. (adelante)
                      00115 adelante
Warning[203]: Found opcode in column 1. (bsf)
0008   1486               M bsf portb,1 ; Ponemos un 1 en la salida 1 del port B
Warning[203]: Found opcode in column 1. (bsf)
0009   1506               M bsf portb,2 ; Ponemos un 1 en la salida 2 del port B
Warning[203]: Found opcode in column 1. (call)
000A   2187               M call DELAY 
Warning[203]: Found opcode in column 1. (call)
000B   2187               M call DELAY 
Warning[203]: Found opcode in column 1. (call)
000C   2187               M call DELAY 
Warning[203]: Found opcode in column 1. (call)
000D   2187               M call DELAY 
Warning[203]: Found opcode in column 1. (call)
000E   2187               M call DELAY 
Warning[203]: Found opcode in column 1. (bcf)
000F   1086               M bcf portb,1; Ponemos a 0 el bit 0 del port B
Warning[203]: Found opcode in column 1. (bcf)
0010   1106               M bcf portb,2; Ponemos a 0 el bit 3 del port B
Warning[203]: Found opcode in column 1. (call)
0011   2187               M call DELAY 
MPASM  5.35beta                  CODIGOOBJETO.ASM   12-18-2023  13:48:57         PAGE  4


LOC  OBJECT CODE     LINE SOURCE TEXT
  VALUE

Warning[206]: Found call to macro in column 1. (adelante)
                      00116 adelante
Warning[203]: Found opcode in column 1. (bsf)
0012   1486               M bsf portb,1 ; Ponemos un 1 en la salida 1 del port B
Warning[203]: Found opcode in column 1. (bsf)
0013   1506               M bsf portb,2 ; Ponemos un 1 en la salida 2 del port B
Warning[203]: Found opcode in column 1. (call)
0014   2187               M call DELAY 
Warning[203]: Found opcode in column 1. (call)
0015   2187               M call DELAY 
Warning[203]: Found opcode in column 1. (call)
0016   2187               M call DELAY 
Warning[203]: Found opcode in column 1. (call)
0017   2187               M call DELAY 
Warning[203]: Found opcode in column 1. (call)
0018   2187               M call DELAY 
Warning[203]: Found opcode in column 1. (bcf)
0019   1086               M bcf portb,1; Ponemos a 0 el bit 0 del port B
Warning[203]: Found opcode in column 1. (bcf)
001A   1106               M bcf portb,2; Ponemos a 0 el bit 3 del port B
Warning[203]: Found opcode in column 1. (call)
001B   2187               M call DELAY 
Warning[206]: Found call to macro in column 1. (adelante)
                      00117 adelante
Warning[203]: Found opcode in column 1. (bsf)
001C   1486               M bsf portb,1 ; Ponemos un 1 en la salida 1 del port B
Warning[203]: Found opcode in column 1. (bsf)
001D   1506               M bsf portb,2 ; Ponemos un 1 en la salida 2 del port B
Warning[203]: Found opcode in column 1. (call)
001E   2187               M call DELAY 
Warning[203]: Found opcode in column 1. (call)
001F   2187               M call DELAY 
Warning[203]: Found opcode in column 1. (call)
0020   2187               M call DELAY 
Warning[203]: Found opcode in column 1. (call)
0021   2187               M call DELAY 
Warning[203]: Found opcode in column 1. (call)
0022   2187               M call DELAY 
Warning[203]: Found opcode in column 1. (bcf)
0023   1086               M bcf portb,1; Ponemos a 0 el bit 0 del port B
Warning[203]: Found opcode in column 1. (bcf)
0024   1106               M bcf portb,2; Ponemos a 0 el bit 3 del port B
Warning[203]: Found opcode in column 1. (call)
0025   2187               M call DELAY 
Warning[206]: Found call to macro in column 1. (adelante)
                      00118 adelante
Warning[203]: Found opcode in column 1. (bsf)
0026   1486               M bsf portb,1 ; Ponemos un 1 en la salida 1 del port B
Warning[203]: Found opcode in column 1. (bsf)
0027   1506               M bsf portb,2 ; Ponemos un 1 en la salida 2 del port B
Warning[203]: Found opcode in column 1. (call)
0028   2187               M call DELAY 
Warning[203]: Found opcode in column 1. (call)
MPASM  5.35beta                  CODIGOOBJETO.ASM   12-18-2023  13:48:57         PAGE  5


LOC  OBJECT CODE     LINE SOURCE TEXT
  VALUE

0029   2187               M call DELAY 
Warning[203]: Found opcode in column 1. (call)
002A   2187               M call DELAY 
Warning[203]: Found opcode in column 1. (call)
002B   2187               M call DELAY 
Warning[203]: Found opcode in column 1. (call)
002C   2187               M call DELAY 
Warning[203]: Found opcode in column 1. (bcf)
002D   1086               M bcf portb,1; Ponemos a 0 el bit 0 del port B
Warning[203]: Found opcode in column 1. (bcf)
002E   1106               M bcf portb,2; Ponemos a 0 el bit 3 del port B
Warning[203]: Found opcode in column 1. (call)
002F   2187               M call DELAY 
Warning[206]: Found call to macro in column 1. (adelante)
                      00119 adelante
Warning[203]: Found opcode in column 1. (bsf)
0030   1486               M bsf portb,1 ; Ponemos un 1 en la salida 1 del port B
Warning[203]: Found opcode in column 1. (bsf)
0031   1506               M bsf portb,2 ; Ponemos un 1 en la salida 2 del port B
Warning[203]: Found opcode in column 1. (call)
0032   2187               M call DELAY 
Warning[203]: Found opcode in column 1. (call)
0033   2187               M call DELAY 
Warning[203]: Found opcode in column 1. (call)
0034   2187               M call DELAY 
Warning[203]: Found opcode in column 1. (call)
0035   2187               M call DELAY 
Warning[203]: Found opcode in column 1. (call)
0036   2187               M call DELAY 
Warning[203]: Found opcode in column 1. (bcf)
0037   1086               M bcf portb,1; Ponemos a 0 el bit 0 del port B
Warning[203]: Found opcode in column 1. (bcf)
0038   1106               M bcf portb,2; Ponemos a 0 el bit 3 del port B
Warning[203]: Found opcode in column 1. (call)
0039   2187               M call DELAY 
                      00120 ;==atras(5)==
Warning[206]: Found call to macro in column 1. (atras)
                      00121 atras
Warning[203]: Found opcode in column 1. (bsf)
003A   1406               M bsf portb,0 ; Ponemos un 1 en la salida 0 del port B
Warning[203]: Found opcode in column 1. (bsf)
003B   1586               M bsf portb,3 ; Ponemos un 1 en la salida 3 del port B
Warning[203]: Found opcode in column 1. (call)
003C   2187               M call DELAY
Warning[203]: Found opcode in column 1. (call)
003D   2187               M call DELAY
Warning[203]: Found opcode in column 1. (call)
003E   2187               M call DELAY
Warning[203]: Found opcode in column 1. (call)
003F   2187               M call DELAY
Warning[203]: Found opcode in column 1. (call)
0040   2187               M call DELAY
Warning[203]: Found opcode in column 1. (bcf)
MPASM  5.35beta                  CODIGOOBJETO.ASM   12-18-2023  13:48:57         PAGE  6


LOC  OBJECT CODE     LINE SOURCE TEXT
  VALUE

0041   1006               M bcf portb,0; Ponemos a 0 el bit 0 del port B
Warning[203]: Found opcode in column 1. (bcf)
0042   1186               M bcf portb,3; Ponemos a 0 el bit 3 del port B
Warning[203]: Found opcode in column 1. (call)
0043   2187               M call DELAY
Warning[206]: Found call to macro in column 1. (atras)
                      00122 atras
Warning[203]: Found opcode in column 1. (bsf)
0044   1406               M bsf portb,0 ; Ponemos un 1 en la salida 0 del port B
Warning[203]: Found opcode in column 1. (bsf)
0045   1586               M bsf portb,3 ; Ponemos un 1 en la salida 3 del port B
Warning[203]: Found opcode in column 1. (call)
0046   2187               M call DELAY
Warning[203]: Found opcode in column 1. (call)
0047   2187               M call DELAY
Warning[203]: Found opcode in column 1. (call)
0048   2187               M call DELAY
Warning[203]: Found opcode in column 1. (call)
0049   2187               M call DELAY
Warning[203]: Found opcode in column 1. (call)
004A   2187               M call DELAY
Warning[203]: Found opcode in column 1. (bcf)
004B   1006               M bcf portb,0; Ponemos a 0 el bit 0 del port B
Warning[203]: Found opcode in column 1. (bcf)
004C   1186               M bcf portb,3; Ponemos a 0 el bit 3 del port B
Warning[203]: Found opcode in column 1. (call)
004D   2187               M call DELAY
Warning[206]: Found call to macro in column 1. (atras)
                      00123 atras
Warning[203]: Found opcode in column 1. (bsf)
004E   1406               M bsf portb,0 ; Ponemos un 1 en la salida 0 del port B
Warning[203]: Found opcode in column 1. (bsf)
004F   1586               M bsf portb,3 ; Ponemos un 1 en la salida 3 del port B
Warning[203]: Found opcode in column 1. (call)
0050   2187               M call DELAY
Warning[203]: Found opcode in column 1. (call)
0051   2187               M call DELAY
Warning[203]: Found opcode in column 1. (call)
0052   2187               M call DELAY
Warning[203]: Found opcode in column 1. (call)
0053   2187               M call DELAY
Warning[203]: Found opcode in column 1. (call)
0054   2187               M call DELAY
Warning[203]: Found opcode in column 1. (bcf)
0055   1006               M bcf portb,0; Ponemos a 0 el bit 0 del port B
Warning[203]: Found opcode in column 1. (bcf)
0056   1186               M bcf portb,3; Ponemos a 0 el bit 3 del port B
Warning[203]: Found opcode in column 1. (call)
0057   2187               M call DELAY
Warning[206]: Found call to macro in column 1. (atras)
                      00124 atras
Warning[203]: Found opcode in column 1. (bsf)
0058   1406               M bsf portb,0 ; Ponemos un 1 en la salida 0 del port B
MPASM  5.35beta                  CODIGOOBJETO.ASM   12-18-2023  13:48:57         PAGE  7


LOC  OBJECT CODE     LINE SOURCE TEXT
  VALUE

Warning[203]: Found opcode in column 1. (bsf)
0059   1586               M bsf portb,3 ; Ponemos un 1 en la salida 3 del port B
Warning[203]: Found opcode in column 1. (call)
005A   2187               M call DELAY
Warning[203]: Found opcode in column 1. (call)
005B   2187               M call DELAY
Warning[203]: Found opcode in column 1. (call)
005C   2187               M call DELAY
Warning[203]: Found opcode in column 1. (call)
005D   2187               M call DELAY
Warning[203]: Found opcode in column 1. (call)
005E   2187               M call DELAY
Warning[203]: Found opcode in column 1. (bcf)
005F   1006               M bcf portb,0; Ponemos a 0 el bit 0 del port B
Warning[203]: Found opcode in column 1. (bcf)
0060   1186               M bcf portb,3; Ponemos a 0 el bit 3 del port B
Warning[203]: Found opcode in column 1. (call)
0061   2187               M call DELAY
Warning[206]: Found call to macro in column 1. (atras)
                      00125 atras
Warning[203]: Found opcode in column 1. (bsf)
0062   1406               M bsf portb,0 ; Ponemos un 1 en la salida 0 del port B
Warning[203]: Found opcode in column 1. (bsf)
0063   1586               M bsf portb,3 ; Ponemos un 1 en la salida 3 del port B
Warning[203]: Found opcode in column 1. (call)
0064   2187               M call DELAY
Warning[203]: Found opcode in column 1. (call)
0065   2187               M call DELAY
Warning[203]: Found opcode in column 1. (call)
0066   2187               M call DELAY
Warning[203]: Found opcode in column 1. (call)
0067   2187               M call DELAY
Warning[203]: Found opcode in column 1. (call)
0068   2187               M call DELAY
Warning[203]: Found opcode in column 1. (bcf)
0069   1006               M bcf portb,0; Ponemos a 0 el bit 0 del port B
Warning[203]: Found opcode in column 1. (bcf)
006A   1186               M bcf portb,3; Ponemos a 0 el bit 3 del port B
Warning[203]: Found opcode in column 1. (call)
006B   2187               M call DELAY
                      00126 ;==atras()==
                      00127 ;==atras(1)==
Warning[206]: Found call to macro in column 1. (atras)
                      00128 atras
Warning[203]: Found opcode in column 1. (bsf)
006C   1406               M bsf portb,0 ; Ponemos un 1 en la salida 0 del port B
Warning[203]: Found opcode in column 1. (bsf)
006D   1586               M bsf portb,3 ; Ponemos un 1 en la salida 3 del port B
Warning[203]: Found opcode in column 1. (call)
006E   2187               M call DELAY
Warning[203]: Found opcode in column 1. (call)
006F   2187               M call DELAY
Warning[203]: Found opcode in column 1. (call)
MPASM  5.35beta                  CODIGOOBJETO.ASM   12-18-2023  13:48:57         PAGE  8


LOC  OBJECT CODE     LINE SOURCE TEXT
  VALUE

0070   2187               M call DELAY
Warning[203]: Found opcode in column 1. (call)
0071   2187               M call DELAY
Warning[203]: Found opcode in column 1. (call)
0072   2187               M call DELAY
Warning[203]: Found opcode in column 1. (bcf)
0073   1006               M bcf portb,0; Ponemos a 0 el bit 0 del port B
Warning[203]: Found opcode in column 1. (bcf)
0074   1186               M bcf portb,3; Ponemos a 0 el bit 3 del port B
Warning[203]: Found opcode in column 1. (call)
0075   2187               M call DELAY
                      00129 ;==izquierda(1)==
Warning[206]: Found call to macro in column 1. (izquierda)
                      00130 izquierda
Warning[203]: Found opcode in column 1. (bsf)
0076   1406               M bsf portb,0 ; Ponemos un 1 en la salida 0 del port B
Warning[203]: Found opcode in column 1. (bsf)
0077   1506               M bsf portb,2 ; Ponemos un 1 en la salida 2 del port B
Warning[203]: Found opcode in column 1. (call)
0078   2187               M call DELAY
Warning[203]: Found opcode in column 1. (call)
0079   2187               M call DELAY
Warning[203]: Found opcode in column 1. (call)
007A   2187               M call DELAY
Warning[203]: Found opcode in column 1. (call)
007B   2187               M call DELAY
Warning[203]: Found opcode in column 1. (call)
007C   2187               M call DELAY
Warning[203]: Found opcode in column 1. (bcf)
007D   1006               M bcf portb,0
Warning[203]: Found opcode in column 1. (bcf)
007E   1106               M bcf portb,2; Ponemos a 0 el bit 3 del port B
Warning[203]: Found opcode in column 1. (call)
007F   2187               M call DELAY
                      00131 ;==adelante(2)==
Warning[206]: Found call to macro in column 1. (adelante)
                      00132 adelante
Warning[203]: Found opcode in column 1. (bsf)
0080   1486               M bsf portb,1 ; Ponemos un 1 en la salida 1 del port B
Warning[203]: Found opcode in column 1. (bsf)
0081   1506               M bsf portb,2 ; Ponemos un 1 en la salida 2 del port B
Warning[203]: Found opcode in column 1. (call)
0082   2187               M call DELAY 
Warning[203]: Found opcode in column 1. (call)
0083   2187               M call DELAY 
Warning[203]: Found opcode in column 1. (call)
0084   2187               M call DELAY 
Warning[203]: Found opcode in column 1. (call)
0085   2187               M call DELAY 
Warning[203]: Found opcode in column 1. (call)
0086   2187               M call DELAY 
Warning[203]: Found opcode in column 1. (bcf)
0087   1086               M bcf portb,1; Ponemos a 0 el bit 0 del port B
MPASM  5.35beta                  CODIGOOBJETO.ASM   12-18-2023  13:48:57         PAGE  9


LOC  OBJECT CODE     LINE SOURCE TEXT
  VALUE

Warning[203]: Found opcode in column 1. (bcf)
0088   1106               M bcf portb,2; Ponemos a 0 el bit 3 del port B
Warning[203]: Found opcode in column 1. (call)
0089   2187               M call DELAY 
Warning[206]: Found call to macro in column 1. (adelante)
                      00133 adelante
Warning[203]: Found opcode in column 1. (bsf)
008A   1486               M bsf portb,1 ; Ponemos un 1 en la salida 1 del port B
Warning[203]: Found opcode in column 1. (bsf)
008B   1506               M bsf portb,2 ; Ponemos un 1 en la salida 2 del port B
Warning[203]: Found opcode in column 1. (call)
008C   2187               M call DELAY 
Warning[203]: Found opcode in column 1. (call)
008D   2187               M call DELAY 
Warning[203]: Found opcode in column 1. (call)
008E   2187               M call DELAY 
Warning[203]: Found opcode in column 1. (call)
008F   2187               M call DELAY 
Warning[203]: Found opcode in column 1. (call)
0090   2187               M call DELAY 
Warning[203]: Found opcode in column 1. (bcf)
0091   1086               M bcf portb,1; Ponemos a 0 el bit 0 del port B
Warning[203]: Found opcode in column 1. (bcf)
0092   1106               M bcf portb,2; Ponemos a 0 el bit 3 del port B
Warning[203]: Found opcode in column 1. (call)
0093   2187               M call DELAY 
                      00134 ;==verAdelante==
Warning[203]: Found opcode in column 1. (btfss)
0094   1E86           00135 btfss PORTB, 5;
Warning[203]: Found opcode in column 1. (goto)
0095   28A0           00136 goto sino2
Warning[203]: Found opcode in column 1. (bsf)
0096   1405           00137 bsf PORTA,0
Warning[206]: Found call to macro in column 1. (luces)
                      00138 luces
Warning[203]: Found opcode in column 1. (bsf)
0097   1786               M bsf portb,7 ; Ponemos un 1 en la salida 1 del port B
Warning[203]: Found opcode in column 1. (call)
0098   2187               M call DELAY 
Warning[203]: Found opcode in column 1. (call)
0099   2187               M call DELAY 
Warning[203]: Found opcode in column 1. (call)
009A   2187               M call DELAY 
Warning[203]: Found opcode in column 1. (call)
009B   2187               M call DELAY 
Warning[203]: Found opcode in column 1. (call)
009C   2187               M call DELAY 
Warning[203]: Found opcode in column 1. (bcf)
009D   1386               M bcf portb,7 ; Ponemos un 1 en la salida 1 del port B
Warning[203]: Found opcode in column 1. (call)
009E   2187               M call DELAY 
Warning[203]: Found opcode in column 1. (goto)
009F   28AA           00139 goto finsino2
MPASM  5.35beta                  CODIGOOBJETO.ASM   12-18-2023  13:48:57         PAGE 10


LOC  OBJECT CODE     LINE SOURCE TEXT
  VALUE

00A0                  00140 sino2:
                      00141 
                      00142 ;==adelante()==
                      00143 ;==adelante(1)==
Warning[206]: Found call to macro in column 1. (adelante)
                      00144 adelante
Warning[203]: Found opcode in column 1. (bsf)
00A0   1486               M bsf portb,1 ; Ponemos un 1 en la salida 1 del port B
Warning[203]: Found opcode in column 1. (bsf)
00A1   1506               M bsf portb,2 ; Ponemos un 1 en la salida 2 del port B
Warning[203]: Found opcode in column 1. (call)
00A2   2187               M call DELAY 
Warning[203]: Found opcode in column 1. (call)
00A3   2187               M call DELAY 
Warning[203]: Found opcode in column 1. (call)
00A4   2187               M call DELAY 
Warning[203]: Found opcode in column 1. (call)
00A5   2187               M call DELAY 
Warning[203]: Found opcode in column 1. (call)
00A6   2187               M call DELAY 
Warning[203]: Found opcode in column 1. (bcf)
00A7   1086               M bcf portb,1; Ponemos a 0 el bit 0 del port B
Warning[203]: Found opcode in column 1. (bcf)
00A8   1106               M bcf portb,2; Ponemos a 0 el bit 3 del port B
Warning[203]: Found opcode in column 1. (call)
00A9   2187               M call DELAY 
00AA                  00145 finsino2:
Warning[206]: Found call to macro in column 1. (plantar)
                      00146 plantar
Warning[203]: Found opcode in column 1. (bsf)
00AA   1706               M bsf portb,6 ; Ponemos un 1 en la salida 1 del port B
Warning[203]: Found opcode in column 1. (call)
00AB   2187               M call DELAY 
Warning[203]: Found opcode in column 1. (call)
00AC   2187               M call DELAY 
Warning[203]: Found opcode in column 1. (call)
00AD   2187               M call DELAY 
Warning[203]: Found opcode in column 1. (call)
00AE   2187               M call DELAY 
Warning[203]: Found opcode in column 1. (call)
00AF   2187               M call DELAY 
Warning[203]: Found opcode in column 1. (bcf)
00B0   1306               M bcf portb,6; Ponemos a 0 el bit 1 del port B
Warning[203]: Found opcode in column 1. (call)
00B1   2187               M call DELAY
                      00147 ;==plantar(5)==
Warning[206]: Found call to macro in column 1. (plantar)
                      00148 plantar
Warning[203]: Found opcode in column 1. (bsf)
00B2   1706               M bsf portb,6 ; Ponemos un 1 en la salida 1 del port B
Warning[203]: Found opcode in column 1. (call)
00B3   2187               M call DELAY 
Warning[203]: Found opcode in column 1. (call)
MPASM  5.35beta                  CODIGOOBJETO.ASM   12-18-2023  13:48:57         PAGE 11


LOC  OBJECT CODE     LINE SOURCE TEXT
  VALUE

00B4   2187               M call DELAY 
Warning[203]: Found opcode in column 1. (call)
00B5   2187               M call DELAY 
Warning[203]: Found opcode in column 1. (call)
00B6   2187               M call DELAY 
Warning[203]: Found opcode in column 1. (call)
00B7   2187               M call DELAY 
Warning[203]: Found opcode in column 1. (bcf)
00B8   1306               M bcf portb,6; Ponemos a 0 el bit 1 del port B
Warning[203]: Found opcode in column 1. (call)
00B9   2187               M call DELAY
Warning[206]: Found call to macro in column 1. (plantar)
                      00149 plantar
Warning[203]: Found opcode in column 1. (bsf)
00BA   1706               M bsf portb,6 ; Ponemos un 1 en la salida 1 del port B
Warning[203]: Found opcode in column 1. (call)
00BB   2187               M call DELAY 
Warning[203]: Found opcode in column 1. (call)
00BC   2187               M call DELAY 
Warning[203]: Found opcode in column 1. (call)
00BD   2187               M call DELAY 
Warning[203]: Found opcode in column 1. (call)
00BE   2187               M call DELAY 
Warning[203]: Found opcode in column 1. (call)
00BF   2187               M call DELAY 
Warning[203]: Found opcode in column 1. (bcf)
00C0   1306               M bcf portb,6; Ponemos a 0 el bit 1 del port B
Warning[203]: Found opcode in column 1. (call)
00C1   2187               M call DELAY
Warning[206]: Found call to macro in column 1. (plantar)
                      00150 plantar
Warning[203]: Found opcode in column 1. (bsf)
00C2   1706               M bsf portb,6 ; Ponemos un 1 en la salida 1 del port B
Warning[203]: Found opcode in column 1. (call)
00C3   2187               M call DELAY 
Warning[203]: Found opcode in column 1. (call)
00C4   2187               M call DELAY 
Warning[203]: Found opcode in column 1. (call)
00C5   2187               M call DELAY 
Warning[203]: Found opcode in column 1. (call)
00C6   2187               M call DELAY 
Warning[203]: Found opcode in column 1. (call)
00C7   2187               M call DELAY 
Warning[203]: Found opcode in column 1. (bcf)
00C8   1306               M bcf portb,6; Ponemos a 0 el bit 1 del port B
Warning[203]: Found opcode in column 1. (call)
00C9   2187               M call DELAY
Warning[206]: Found call to macro in column 1. (plantar)
                      00151 plantar
Warning[203]: Found opcode in column 1. (bsf)
00CA   1706               M bsf portb,6 ; Ponemos un 1 en la salida 1 del port B
Warning[203]: Found opcode in column 1. (call)
00CB   2187               M call DELAY 
MPASM  5.35beta                  CODIGOOBJETO.ASM   12-18-2023  13:48:57         PAGE 12


LOC  OBJECT CODE     LINE SOURCE TEXT
  VALUE

Warning[203]: Found opcode in column 1. (call)
00CC   2187               M call DELAY 
Warning[203]: Found opcode in column 1. (call)
00CD   2187               M call DELAY 
Warning[203]: Found opcode in column 1. (call)
00CE   2187               M call DELAY 
Warning[203]: Found opcode in column 1. (call)
00CF   2187               M call DELAY 
Warning[203]: Found opcode in column 1. (bcf)
00D0   1306               M bcf portb,6; Ponemos a 0 el bit 1 del port B
Warning[203]: Found opcode in column 1. (call)
00D1   2187               M call DELAY
Warning[206]: Found call to macro in column 1. (plantar)
                      00152 plantar
Warning[203]: Found opcode in column 1. (bsf)
00D2   1706               M bsf portb,6 ; Ponemos un 1 en la salida 1 del port B
Warning[203]: Found opcode in column 1. (call)
00D3   2187               M call DELAY 
Warning[203]: Found opcode in column 1. (call)
00D4   2187               M call DELAY 
Warning[203]: Found opcode in column 1. (call)
00D5   2187               M call DELAY 
Warning[203]: Found opcode in column 1. (call)
00D6   2187               M call DELAY 
Warning[203]: Found opcode in column 1. (call)
00D7   2187               M call DELAY 
Warning[203]: Found opcode in column 1. (bcf)
00D8   1306               M bcf portb,6; Ponemos a 0 el bit 1 del port B
Warning[203]: Found opcode in column 1. (call)
00D9   2187               M call DELAY
Warning[206]: Found call to macro in column 1. (derecha)
                      00153 derecha
Warning[203]: Found opcode in column 1. (bsf)
00DA   1486               M bsf portb,1 ; Ponemos un 1 en la salida 1 del port B
Warning[203]: Found opcode in column 1. (bsf)
00DB   1586               M bsf portb,3 ; Ponemos un 1 en la salida 3 del port B
Warning[203]: Found opcode in column 1. (call)
00DC   2187               M call DELAY 
Warning[203]: Found opcode in column 1. (call)
00DD   2187               M call DELAY
Warning[203]: Found opcode in column 1. (call)
00DE   2187               M call DELAY
Warning[203]: Found opcode in column 1. (call)
00DF   2187               M call DELAY
Warning[203]: Found opcode in column 1. (call)
00E0   2187               M call DELAY
Warning[203]: Found opcode in column 1. (bcf)
00E1   1086               M bcf portb,1; Ponemos a 0 el bit 1 del port B 
Warning[203]: Found opcode in column 1. (bcf)
00E2   1186               M bcf portb,3; Ponemos a 0 el bit 3 del port B
Warning[203]: Found opcode in column 1. (call)
00E3   2187               M call DELAY
                      00154 ;==adelante(2)==
MPASM  5.35beta                  CODIGOOBJETO.ASM   12-18-2023  13:48:57         PAGE 13


LOC  OBJECT CODE     LINE SOURCE TEXT
  VALUE

Warning[206]: Found call to macro in column 1. (adelante)
                      00155 adelante
Warning[203]: Found opcode in column 1. (bsf)
00E4   1486               M bsf portb,1 ; Ponemos un 1 en la salida 1 del port B
Warning[203]: Found opcode in column 1. (bsf)
00E5   1506               M bsf portb,2 ; Ponemos un 1 en la salida 2 del port B
Warning[203]: Found opcode in column 1. (call)
00E6   2187               M call DELAY 
Warning[203]: Found opcode in column 1. (call)
00E7   2187               M call DELAY 
Warning[203]: Found opcode in column 1. (call)
00E8   2187               M call DELAY 
Warning[203]: Found opcode in column 1. (call)
00E9   2187               M call DELAY 
Warning[203]: Found opcode in column 1. (call)
00EA   2187               M call DELAY 
Warning[203]: Found opcode in column 1. (bcf)
00EB   1086               M bcf portb,1; Ponemos a 0 el bit 0 del port B
Warning[203]: Found opcode in column 1. (bcf)
00EC   1106               M bcf portb,2; Ponemos a 0 el bit 3 del port B
Warning[203]: Found opcode in column 1. (call)
00ED   2187               M call DELAY 
Warning[206]: Found call to macro in column 1. (adelante)
                      00156 adelante
Warning[203]: Found opcode in column 1. (bsf)
00EE   1486               M bsf portb,1 ; Ponemos un 1 en la salida 1 del port B
Warning[203]: Found opcode in column 1. (bsf)
00EF   1506               M bsf portb,2 ; Ponemos un 1 en la salida 2 del port B
Warning[203]: Found opcode in column 1. (call)
00F0   2187               M call DELAY 
Warning[203]: Found opcode in column 1. (call)
00F1   2187               M call DELAY 
Warning[203]: Found opcode in column 1. (call)
00F2   2187               M call DELAY 
Warning[203]: Found opcode in column 1. (call)
00F3   2187               M call DELAY 
Warning[203]: Found opcode in column 1. (call)
00F4   2187               M call DELAY 
Warning[203]: Found opcode in column 1. (bcf)
00F5   1086               M bcf portb,1; Ponemos a 0 el bit 0 del port B
Warning[203]: Found opcode in column 1. (bcf)
00F6   1106               M bcf portb,2; Ponemos a 0 el bit 3 del port B
Warning[203]: Found opcode in column 1. (call)
00F7   2187               M call DELAY 
                      00157 ;==plantar(1)==
Warning[206]: Found call to macro in column 1. (plantar)
                      00158 plantar
Warning[203]: Found opcode in column 1. (bsf)
00F8   1706               M bsf portb,6 ; Ponemos un 1 en la salida 1 del port B
Warning[203]: Found opcode in column 1. (call)
00F9   2187               M call DELAY 
Warning[203]: Found opcode in column 1. (call)
00FA   2187               M call DELAY 
MPASM  5.35beta                  CODIGOOBJETO.ASM   12-18-2023  13:48:57         PAGE 14


LOC  OBJECT CODE     LINE SOURCE TEXT
  VALUE

Warning[203]: Found opcode in column 1. (call)
00FB   2187               M call DELAY 
Warning[203]: Found opcode in column 1. (call)
00FC   2187               M call DELAY 
Warning[203]: Found opcode in column 1. (call)
00FD   2187               M call DELAY 
Warning[203]: Found opcode in column 1. (bcf)
00FE   1306               M bcf portb,6; Ponemos a 0 el bit 1 del port B
Warning[203]: Found opcode in column 1. (call)
00FF   2187               M call DELAY
                      00159 ;==atras(5)==
Warning[206]: Found call to macro in column 1. (atras)
                      00160 atras
Warning[203]: Found opcode in column 1. (bsf)
0100   1406               M bsf portb,0 ; Ponemos un 1 en la salida 0 del port B
Warning[203]: Found opcode in column 1. (bsf)
0101   1586               M bsf portb,3 ; Ponemos un 1 en la salida 3 del port B
Warning[203]: Found opcode in column 1. (call)
0102   2187               M call DELAY
Warning[203]: Found opcode in column 1. (call)
0103   2187               M call DELAY
Warning[203]: Found opcode in column 1. (call)
0104   2187               M call DELAY
Warning[203]: Found opcode in column 1. (call)
0105   2187               M call DELAY
Warning[203]: Found opcode in column 1. (call)
0106   2187               M call DELAY
Warning[203]: Found opcode in column 1. (bcf)
0107   1006               M bcf portb,0; Ponemos a 0 el bit 0 del port B
Warning[203]: Found opcode in column 1. (bcf)
0108   1186               M bcf portb,3; Ponemos a 0 el bit 3 del port B
Warning[203]: Found opcode in column 1. (call)
0109   2187               M call DELAY
Warning[206]: Found call to macro in column 1. (atras)
                      00161 atras
Warning[203]: Found opcode in column 1. (bsf)
010A   1406               M bsf portb,0 ; Ponemos un 1 en la salida 0 del port B
Warning[203]: Found opcode in column 1. (bsf)
010B   1586               M bsf portb,3 ; Ponemos un 1 en la salida 3 del port B
Warning[203]: Found opcode in column 1. (call)
010C   2187               M call DELAY
Warning[203]: Found opcode in column 1. (call)
010D   2187               M call DELAY
Warning[203]: Found opcode in column 1. (call)
010E   2187               M call DELAY
Warning[203]: Found opcode in column 1. (call)
010F   2187               M call DELAY
Warning[203]: Found opcode in column 1. (call)
0110   2187               M call DELAY
Warning[203]: Found opcode in column 1. (bcf)
0111   1006               M bcf portb,0; Ponemos a 0 el bit 0 del port B
Warning[203]: Found opcode in column 1. (bcf)
0112   1186               M bcf portb,3; Ponemos a 0 el bit 3 del port B
MPASM  5.35beta                  CODIGOOBJETO.ASM   12-18-2023  13:48:57         PAGE 15


LOC  OBJECT CODE     LINE SOURCE TEXT
  VALUE

Warning[203]: Found opcode in column 1. (call)
0113   2187               M call DELAY
Warning[206]: Found call to macro in column 1. (atras)
                      00162 atras
Warning[203]: Found opcode in column 1. (bsf)
0114   1406               M bsf portb,0 ; Ponemos un 1 en la salida 0 del port B
Warning[203]: Found opcode in column 1. (bsf)
0115   1586               M bsf portb,3 ; Ponemos un 1 en la salida 3 del port B
Warning[203]: Found opcode in column 1. (call)
0116   2187               M call DELAY
Warning[203]: Found opcode in column 1. (call)
0117   2187               M call DELAY
Warning[203]: Found opcode in column 1. (call)
0118   2187               M call DELAY
Warning[203]: Found opcode in column 1. (call)
0119   2187               M call DELAY
Warning[203]: Found opcode in column 1. (call)
011A   2187               M call DELAY
Warning[203]: Found opcode in column 1. (bcf)
011B   1006               M bcf portb,0; Ponemos a 0 el bit 0 del port B
Warning[203]: Found opcode in column 1. (bcf)
011C   1186               M bcf portb,3; Ponemos a 0 el bit 3 del port B
Warning[203]: Found opcode in column 1. (call)
011D   2187               M call DELAY
Warning[206]: Found call to macro in column 1. (atras)
                      00163 atras
Warning[203]: Found opcode in column 1. (bsf)
011E   1406               M bsf portb,0 ; Ponemos un 1 en la salida 0 del port B
Warning[203]: Found opcode in column 1. (bsf)
011F   1586               M bsf portb,3 ; Ponemos un 1 en la salida 3 del port B
Warning[203]: Found opcode in column 1. (call)
0120   2187               M call DELAY
Warning[203]: Found opcode in column 1. (call)
0121   2187               M call DELAY
Warning[203]: Found opcode in column 1. (call)
0122   2187               M call DELAY
Warning[203]: Found opcode in column 1. (call)
0123   2187               M call DELAY
Warning[203]: Found opcode in column 1. (call)
0124   2187               M call DELAY
Warning[203]: Found opcode in column 1. (bcf)
0125   1006               M bcf portb,0; Ponemos a 0 el bit 0 del port B
Warning[203]: Found opcode in column 1. (bcf)
0126   1186               M bcf portb,3; Ponemos a 0 el bit 3 del port B
Warning[203]: Found opcode in column 1. (call)
0127   2187               M call DELAY
Warning[206]: Found call to macro in column 1. (atras)
                      00164 atras
Warning[203]: Found opcode in column 1. (bsf)
0128   1406               M bsf portb,0 ; Ponemos un 1 en la salida 0 del port B
Warning[203]: Found opcode in column 1. (bsf)
0129   1586               M bsf portb,3 ; Ponemos un 1 en la salida 3 del port B
Warning[203]: Found opcode in column 1. (call)
MPASM  5.35beta                  CODIGOOBJETO.ASM   12-18-2023  13:48:57         PAGE 16


LOC  OBJECT CODE     LINE SOURCE TEXT
  VALUE

012A   2187               M call DELAY
Warning[203]: Found opcode in column 1. (call)
012B   2187               M call DELAY
Warning[203]: Found opcode in column 1. (call)
012C   2187               M call DELAY
Warning[203]: Found opcode in column 1. (call)
012D   2187               M call DELAY
Warning[203]: Found opcode in column 1. (call)
012E   2187               M call DELAY
Warning[203]: Found opcode in column 1. (bcf)
012F   1006               M bcf portb,0; Ponemos a 0 el bit 0 del port B
Warning[203]: Found opcode in column 1. (bcf)
0130   1186               M bcf portb,3; Ponemos a 0 el bit 3 del port B
Warning[203]: Found opcode in column 1. (call)
0131   2187               M call DELAY
                      00165 ;==plantar(5)==
Warning[206]: Found call to macro in column 1. (plantar)
                      00166 plantar
Warning[203]: Found opcode in column 1. (bsf)
0132   1706               M bsf portb,6 ; Ponemos un 1 en la salida 1 del port B
Warning[203]: Found opcode in column 1. (call)
0133   2187               M call DELAY 
Warning[203]: Found opcode in column 1. (call)
0134   2187               M call DELAY 
Warning[203]: Found opcode in column 1. (call)
0135   2187               M call DELAY 
Warning[203]: Found opcode in column 1. (call)
0136   2187               M call DELAY 
Warning[203]: Found opcode in column 1. (call)
0137   2187               M call DELAY 
Warning[203]: Found opcode in column 1. (bcf)
0138   1306               M bcf portb,6; Ponemos a 0 el bit 1 del port B
Warning[203]: Found opcode in column 1. (call)
0139   2187               M call DELAY
Warning[206]: Found call to macro in column 1. (plantar)
                      00167 plantar
Warning[203]: Found opcode in column 1. (bsf)
013A   1706               M bsf portb,6 ; Ponemos un 1 en la salida 1 del port B
Warning[203]: Found opcode in column 1. (call)
013B   2187               M call DELAY 
Warning[203]: Found opcode in column 1. (call)
013C   2187               M call DELAY 
Warning[203]: Found opcode in column 1. (call)
013D   2187               M call DELAY 
Warning[203]: Found opcode in column 1. (call)
013E   2187               M call DELAY 
Warning[203]: Found opcode in column 1. (call)
013F   2187               M call DELAY 
Warning[203]: Found opcode in column 1. (bcf)
0140   1306               M bcf portb,6; Ponemos a 0 el bit 1 del port B
Warning[203]: Found opcode in column 1. (call)
0141   2187               M call DELAY
Warning[206]: Found call to macro in column 1. (plantar)
MPASM  5.35beta                  CODIGOOBJETO.ASM   12-18-2023  13:48:57         PAGE 17


LOC  OBJECT CODE     LINE SOURCE TEXT
  VALUE

                      00168 plantar
Warning[203]: Found opcode in column 1. (bsf)
0142   1706               M bsf portb,6 ; Ponemos un 1 en la salida 1 del port B
Warning[203]: Found opcode in column 1. (call)
0143   2187               M call DELAY 
Warning[203]: Found opcode in column 1. (call)
0144   2187               M call DELAY 
Warning[203]: Found opcode in column 1. (call)
0145   2187               M call DELAY 
Warning[203]: Found opcode in column 1. (call)
0146   2187               M call DELAY 
Warning[203]: Found opcode in column 1. (call)
0147   2187               M call DELAY 
Warning[203]: Found opcode in column 1. (bcf)
0148   1306               M bcf portb,6; Ponemos a 0 el bit 1 del port B
Warning[203]: Found opcode in column 1. (call)
0149   2187               M call DELAY
Warning[206]: Found call to macro in column 1. (plantar)
                      00169 plantar
Warning[203]: Found opcode in column 1. (bsf)
014A   1706               M bsf portb,6 ; Ponemos un 1 en la salida 1 del port B
Warning[203]: Found opcode in column 1. (call)
014B   2187               M call DELAY 
Warning[203]: Found opcode in column 1. (call)
014C   2187               M call DELAY 
Warning[203]: Found opcode in column 1. (call)
014D   2187               M call DELAY 
Warning[203]: Found opcode in column 1. (call)
014E   2187               M call DELAY 
Warning[203]: Found opcode in column 1. (call)
014F   2187               M call DELAY 
Warning[203]: Found opcode in column 1. (bcf)
0150   1306               M bcf portb,6; Ponemos a 0 el bit 1 del port B
Warning[203]: Found opcode in column 1. (call)
0151   2187               M call DELAY
Warning[206]: Found call to macro in column 1. (plantar)
                      00170 plantar
Warning[203]: Found opcode in column 1. (bsf)
0152   1706               M bsf portb,6 ; Ponemos un 1 en la salida 1 del port B
Warning[203]: Found opcode in column 1. (call)
0153   2187               M call DELAY 
Warning[203]: Found opcode in column 1. (call)
0154   2187               M call DELAY 
Warning[203]: Found opcode in column 1. (call)
0155   2187               M call DELAY 
Warning[203]: Found opcode in column 1. (call)
0156   2187               M call DELAY 
Warning[203]: Found opcode in column 1. (call)
0157   2187               M call DELAY 
Warning[203]: Found opcode in column 1. (bcf)
0158   1306               M bcf portb,6; Ponemos a 0 el bit 1 del port B
Warning[203]: Found opcode in column 1. (call)
0159   2187               M call DELAY
MPASM  5.35beta                  CODIGOOBJETO.ASM   12-18-2023  13:48:57         PAGE 18


LOC  OBJECT CODE     LINE SOURCE TEXT
  VALUE

                      00171 ;==repetir(4)==
Warning[203]: Found opcode in column 1. (movlw)
015A   3004           00172 movlw D'4'
Warning[203]: Found opcode in column 1. (movwf)
015B   0090           00173 movwf contadorRep1
015C                  00174 loop1:
                      00175 ;==izquierda(1)==
Warning[206]: Found call to macro in column 1. (izquierda)
                      00176 izquierda
Warning[203]: Found opcode in column 1. (bsf)
015C   1406               M bsf portb,0 ; Ponemos un 1 en la salida 0 del port B
Warning[203]: Found opcode in column 1. (bsf)
015D   1506               M bsf portb,2 ; Ponemos un 1 en la salida 2 del port B
Warning[203]: Found opcode in column 1. (call)
015E   2187               M call DELAY
Warning[203]: Found opcode in column 1. (call)
015F   2187               M call DELAY
Warning[203]: Found opcode in column 1. (call)
0160   2187               M call DELAY
Warning[203]: Found opcode in column 1. (call)
0161   2187               M call DELAY
Warning[203]: Found opcode in column 1. (call)
0162   2187               M call DELAY
Warning[203]: Found opcode in column 1. (bcf)
0163   1006               M bcf portb,0
Warning[203]: Found opcode in column 1. (bcf)
0164   1106               M bcf portb,2; Ponemos a 0 el bit 3 del port B
Warning[203]: Found opcode in column 1. (call)
0165   2187               M call DELAY
                      00177 ;==adelante()==
                      00178 ;==adelante(1)==
Warning[206]: Found call to macro in column 1. (adelante)
                      00179 adelante
Warning[203]: Found opcode in column 1. (bsf)
0166   1486               M bsf portb,1 ; Ponemos un 1 en la salida 1 del port B
Warning[203]: Found opcode in column 1. (bsf)
0167   1506               M bsf portb,2 ; Ponemos un 1 en la salida 2 del port B
Warning[203]: Found opcode in column 1. (call)
0168   2187               M call DELAY 
Warning[203]: Found opcode in column 1. (call)
0169   2187               M call DELAY 
Warning[203]: Found opcode in column 1. (call)
016A   2187               M call DELAY 
Warning[203]: Found opcode in column 1. (call)
016B   2187               M call DELAY 
Warning[203]: Found opcode in column 1. (call)
016C   2187               M call DELAY 
Warning[203]: Found opcode in column 1. (bcf)
016D   1086               M bcf portb,1; Ponemos a 0 el bit 0 del port B
Warning[203]: Found opcode in column 1. (bcf)
016E   1106               M bcf portb,2; Ponemos a 0 el bit 3 del port B
Warning[203]: Found opcode in column 1. (call)
016F   2187               M call DELAY 
MPASM  5.35beta                  CODIGOOBJETO.ASM   12-18-2023  13:48:57         PAGE 19


LOC  OBJECT CODE     LINE SOURCE TEXT
  VALUE

                      00180 ;==derecha(1)==
Warning[206]: Found call to macro in column 1. (derecha)
                      00181 derecha
Warning[203]: Found opcode in column 1. (bsf)
0170   1486               M bsf portb,1 ; Ponemos un 1 en la salida 1 del port B
Warning[203]: Found opcode in column 1. (bsf)
0171   1586               M bsf portb,3 ; Ponemos un 1 en la salida 3 del port B
Warning[203]: Found opcode in column 1. (call)
0172   2187               M call DELAY 
Warning[203]: Found opcode in column 1. (call)
0173   2187               M call DELAY
Warning[203]: Found opcode in column 1. (call)
0174   2187               M call DELAY
Warning[203]: Found opcode in column 1. (call)
0175   2187               M call DELAY
Warning[203]: Found opcode in column 1. (call)
0176   2187               M call DELAY
Warning[203]: Found opcode in column 1. (bcf)
0177   1086               M bcf portb,1; Ponemos a 0 el bit 1 del port B 
Warning[203]: Found opcode in column 1. (bcf)
0178   1186               M bcf portb,3; Ponemos a 0 el bit 3 del port B
Warning[203]: Found opcode in column 1. (call)
0179   2187               M call DELAY
                      00182 ;==adelante()==
                      00183 ;==adelante(1)==
Warning[206]: Found call to macro in column 1. (adelante)
                      00184 adelante
Warning[203]: Found opcode in column 1. (bsf)
017A   1486               M bsf portb,1 ; Ponemos un 1 en la salida 1 del port B
Warning[203]: Found opcode in column 1. (bsf)
017B   1506               M bsf portb,2 ; Ponemos un 1 en la salida 2 del port B
Warning[203]: Found opcode in column 1. (call)
017C   2187               M call DELAY 
Warning[203]: Found opcode in column 1. (call)
017D   2187               M call DELAY 
Warning[203]: Found opcode in column 1. (call)
017E   2187               M call DELAY 
Warning[203]: Found opcode in column 1. (call)
017F   2187               M call DELAY 
Warning[203]: Found opcode in column 1. (call)
0180   2187               M call DELAY 
Warning[203]: Found opcode in column 1. (bcf)
0181   1086               M bcf portb,1; Ponemos a 0 el bit 0 del port B
Warning[203]: Found opcode in column 1. (bcf)
0182   1106               M bcf portb,2; Ponemos a 0 el bit 3 del port B
Warning[203]: Found opcode in column 1. (call)
0183   2187               M call DELAY 
Warning[203]: Found opcode in column 1. (decfsz)
0184   0B90           00185 decfsz contadorRep1, F
Warning[203]: Found opcode in column 1. (goto)
0185   295C           00186 goto loop1
Warning[203]: Found opcode in column 1. (goto)
0186   2990           00187 goto final
MPASM  5.35beta                  CODIGOOBJETO.ASM   12-18-2023  13:48:57         PAGE 20


LOC  OBJECT CODE     LINE SOURCE TEXT
  VALUE

                      00188 ; -- Subrutina de temporizacion -- 
0187                  00189 DELAY
Warning[203]: Found opcode in column 1. (movlw)
0187   30FF           00190 movlw 0xFF;
Warning[203]: Found opcode in column 1. (movwf)
0188   008E           00191 movwf Cont1 ; Iniciamos cont
0189                  00192 CICLO1
Warning[203]: Found opcode in column 1. (movlw)
0189   30FF           00193 movlw 0xFF;
Warning[203]: Found opcode in column 1. (movwf)
018A   008F           00194 movwf Cont2 ; Iniciamos cont2
018B                  00195 CICLO2
Warning[203]: Found opcode in column 1. (decfsz)
018B   0B8F           00196 decfsz Cont2,1 ; Decrementa Cont2 y si es 0 sale
Warning[203]: Found opcode in column 1. (goto)
018C   298B           00197 goto CICLO2 ; Si no es 0 repetimos ciclo
Warning[203]: Found opcode in column 1. (decfsz)
018D   0B8E           00198 decfsz Cont1,1 ; Decrementa Contador1
Warning[203]: Found opcode in column 1. (goto)
018E   2989           00199 goto CICLO1 ; Si no es cero repetimos ciclo
Warning[203]: Found opcode in column 1. (return)
018F   0008           00200 return ; Regresa de la subrutina
0190                  00201 final:
Warning[203]: Found opcode in column 1. (sleep)
0190   0063           00202 sleep
0191                  00203 retrun
Warning[205]: Found directive in column 1. (END)
                      00204 END ; FIN DE PROGRAMA
MPASM  5.35beta                  CODIGOOBJETO.ASM   12-18-2023  13:48:57         PAGE 21


SYMBOL TABLE
  LABEL                             VALUE 

C                                 00000000
CICLO1                            00000189
CICLO2                            0000018B
Cont1                             0000000E
Cont2                             0000000F
DC                                00000001
DELAY                             00000187
EEADR                             00000009
EECON1                            00000088
EECON2                            00000089
EEDATA                            00000008
EEIE                              00000006
EEIF                              00000004
F                                 00000001
FSR                               00000004
GIE                               00000007
INDF                              00000000
INTCON                            0000000B
INTE                              00000004
INTEDG                            00000006
INTF                              00000001
IRP                               00000007
NOT_PD                            00000003
NOT_RBPU                          00000007
NOT_TO                            00000004
OPTION_REG                        00000081
PCL                               00000002
PCLATH                            0000000A
PORTA                             00000005
PORTB                             00000006
PS0                               00000000
PS1                               00000001
PS2                               00000002
PSA                               00000003
RBIE                              00000003
RBIF                              00000000
RD                                00000000
RP0                               00000005
RP1                               00000006
STATUS                            00000003
T0CS                              00000005
T0IE                              00000005
T0IF                              00000002
T0SE                              00000004
TMR0                              00000001
TRISA                             00000085
TRISB                             00000086
W                                 00000000
WR                                00000001
WREN                              00000002
WRERR                             00000003
Z                                 00000002
_CP_OFF                           00003FFF
MPASM  5.35beta                  CODIGOOBJETO.ASM   12-18-2023  13:48:57         PAGE 22


SYMBOL TABLE
  LABEL                             VALUE 

_CP_ON                            0000000F
_HS_OSC                           00003FFE
_LP_OSC                           00003FFC
_PWRTE_OFF                        00003FFF
_PWRTE_ON                         00003FF7
_RC_OSC                           00003FFF
_WDT_OFF                          00003FFB
_WDT_ON                           00003FFF
_XT_OSC                           00003FFD
__16F877A                         00000001
adelante                          
atras                             
contador                          0000000D
contadorRep0                      00000018
contadorRep1                      00000010
contadorRep10                     00000019
contadorRep2                      00000011
contadorRep3                      00000012
contadorRep4                      00000013
contadorRep5                      00000014
contadorRep6                      00000015
contadorRep7                      00000016
contadorRep8                      00000017
derecha                           
final                             00000190
finsino2                          000000AA
izquierda                         
loop1                             0000015C
luces                             
plantar                           
portb                             00000006
retrun                            00000191
sino2                             000000A0
status                            00000003
timer                             00000001


MEMORY USAGE MAP ('X' = Used,  '-' = Unused)

0000 : XXXXXXXXXXXXXXXX XXXXXXXXXXXXXXXX XXXXXXXXXXXXXXXX XXXXXXXXXXXXXXXX
0040 : XXXXXXXXXXXXXXXX XXXXXXXXXXXXXXXX XXXXXXXXXXXXXXXX XXXXXXXXXXXXXXXX
0080 : XXXXXXXXXXXXXXXX XXXXXXXXXXXXXXXX XXXXXXXXXXXXXXXX XXXXXXXXXXXXXXXX
00C0 : XXXXXXXXXXXXXXXX XXXXXXXXXXXXXXXX XXXXXXXXXXXXXXXX XXXXXXXXXXXXXXXX
0100 : XXXXXXXXXXXXXXXX XXXXXXXXXXXXXXXX XXXXXXXXXXXXXXXX XXXXXXXXXXXXXXXX
0140 : XXXXXXXXXXXXXXXX XXXXXXXXXXXXXXXX XXXXXXXXXXXXXXXX XXXXXXXXXXXXXXXX
0180 : XXXXXXXXXXXXXXXX X--------------- ---------------- ----------------
MPASM  5.35beta                  CODIGOOBJETO.ASM   12-18-2023  13:48:57         PAGE 23


MEMORY USAGE MAP ('X' = Used,  '-' = Unused)


2000 : -------X-------- ---------------- ---------------- ----------------

All other memory blocks unused.

Program Memory Words Used:   401
Program Memory Words Free:  7791


Errors   :     0
Warnings :   453 reported,     0 suppressed
Messages :     1 reported,     0 suppressed

