Warning[205] C:\USERS\SOLDA\DESKTOP\COMPILADOR_V3\COMPILER-MAIN\SRC\PROGRAMAS\CODIGOOBJETO.ASM 1 : Found directive in column 1. (include)
Message[301] C:\PROGRAM FILES (X86)\MICROCHIP\MPASM SUITE\P16F84A.INC 35 : MESSAGE: (Processor-header file mismatch.  Verify selected processor.)
Warning[205] C:\USERS\SOLDA\DESKTOP\COMPILADOR_V3\COMPILER-MAIN\SRC\PROGRAMAS\CODIGOOBJETO.ASM 2 : Found directive in column 1. (__CONFIG)
Warning[205] C:\USERS\SOLDA\DESKTOP\COMPILADOR_V3\COMPILER-MAIN\SRC\PROGRAMAS\CODIGOOBJETO.ASM 4 : Found directive in column 1. (LIST)
Warning[215] C:\USERS\SOLDA\DESKTOP\COMPILADOR_V3\COMPILER-MAIN\SRC\PROGRAMAS\CODIGOOBJETO.ASM 4 : Processor superseded by command line.  Verify processor symbol.
Warning[205] C:\USERS\SOLDA\DESKTOP\COMPILADOR_V3\COMPILER-MAIN\SRC\PROGRAMAS\CODIGOOBJETO.ASM 21 : Found directive in column 1. (org)
Warning[203] C:\USERS\SOLDA\DESKTOP\COMPILADOR_V3\COMPILER-MAIN\SRC\PROGRAMAS\CODIGOOBJETO.ASM 23 : Found opcode in column 1. (bsf)
Warning[203] C:\USERS\SOLDA\DESKTOP\COMPILADOR_V3\COMPILER-MAIN\SRC\PROGRAMAS\CODIGOOBJETO.ASM 24 : Found opcode in column 1. (movlw)
Warning[203] C:\USERS\SOLDA\DESKTOP\COMPILADOR_V3\COMPILER-MAIN\SRC\PROGRAMAS\CODIGOOBJETO.ASM 25 : Found opcode in column 1. (movwf)
Warning[203] C:\USERS\SOLDA\DESKTOP\COMPILADOR_V3\COMPILER-MAIN\SRC\PROGRAMAS\CODIGOOBJETO.ASM 26 : Found opcode in column 1. (movlw)
Warning[203] C:\USERS\SOLDA\DESKTOP\COMPILADOR_V3\COMPILER-MAIN\SRC\PROGRAMAS\CODIGOOBJETO.ASM 27 : Found opcode in column 1. (movwf)
Warning[203] C:\USERS\SOLDA\DESKTOP\COMPILADOR_V3\COMPILER-MAIN\SRC\PROGRAMAS\CODIGOOBJETO.ASM 28 : Found opcode in column 1. (bcf)
Warning[203] C:\USERS\SOLDA\DESKTOP\COMPILADOR_V3\COMPILER-MAIN\SRC\PROGRAMAS\CODIGOOBJETO.ASM 29 : Found opcode in column 1. (clrf)
Warning[205] C:\USERS\SOLDA\DESKTOP\COMPILADOR_V3\COMPILER-MAIN\SRC\PROGRAMAS\CODIGOOBJETO.ASM 43 : Found directive in column 1. (endm)
Warning[205] C:\USERS\SOLDA\DESKTOP\COMPILADOR_V3\COMPILER-MAIN\SRC\PROGRAMAS\CODIGOOBJETO.ASM 57 : Found directive in column 1. (endm)
Warning[203] C:\USERS\SOLDA\DESKTOP\COMPILADOR_V3\COMPILER-MAIN\SRC\PROGRAMAS\CODIGOOBJETO.ASM 60 : Found opcode in column 1. (call)
Warning[205] C:\USERS\SOLDA\DESKTOP\COMPILADOR_V3\COMPILER-MAIN\SRC\PROGRAMAS\CODIGOOBJETO.ASM 73 : Found directive in column 1. (endm)
Warning[205] C:\USERS\SOLDA\DESKTOP\COMPILADOR_V3\COMPILER-MAIN\SRC\PROGRAMAS\CODIGOOBJETO.ASM 87 : Found directive in column 1. (endm)
Warning[205] C:\USERS\SOLDA\DESKTOP\COMPILADOR_V3\COMPILER-MAIN\SRC\PROGRAMAS\CODIGOOBJETO.ASM 99 : Found directive in column 1. (endm)
Warning[205] C:\USERS\SOLDA\DESKTOP\COMPILADOR_V3\COMPILER-MAIN\SRC\PROGRAMAS\CODIGOOBJETO.ASM 111 : Found directive in column 1. (endm)
Warning[206] C:\USERS\SOLDA\DESKTOP\COMPILADOR_V3\COMPILER-MAIN\SRC\PROGRAMAS\CODIGOOBJETO.ASM 115 : Found call to macro in column 1. (adelante)
Warning[203] C:\USERS\SOLDA\DESKTOP\COMPILADOR_V3\COMPILER-MAIN\SRC\PROGRAMAS\CODIGOOBJETO.ASM 77 : Found opcode in column 1. (bsf)
Warning[203] C:\USERS\SOLDA\DESKTOP\COMPILADOR_V3\COMPILER-MAIN\SRC\PROGRAMAS\CODIGOOBJETO.ASM 78 : Found opcode in column 1. (bsf)
Warning[203] C:\USERS\SOLDA\DESKTOP\COMPILADOR_V3\COMPILER-MAIN\SRC\PROGRAMAS\CODIGOOBJETO.ASM 79 : Found opcode in column 1. (call)
Warning[203] C:\USERS\SOLDA\DESKTOP\COMPILADOR_V3\COMPILER-MAIN\SRC\PROGRAMAS\CODIGOOBJETO.ASM 80 : Found opcode in column 1. (call)
Warning[203] C:\USERS\SOLDA\DESKTOP\COMPILADOR_V3\COMPILER-MAIN\SRC\PROGRAMAS\CODIGOOBJETO.ASM 81 : Found opcode in column 1. (call)
Warning[203] C:\USERS\SOLDA\DESKTOP\COMPILADOR_V3\COMPILER-MAIN\SRC\PROGRAMAS\CODIGOOBJETO.ASM 82 : Found opcode in column 1. (call)
Warning[203] C:\USERS\SOLDA\DESKTOP\COMPILADOR_V3\COMPILER-MAIN\SRC\PROGRAMAS\CODIGOOBJETO.ASM 83 : Found opcode in column 1. (call)
Warning[203] C:\USERS\SOLDA\DESKTOP\COMPILADOR_V3\COMPILER-MAIN\SRC\PROGRAMAS\CODIGOOBJETO.ASM 84 : Found opcode in column 1. (bcf)
Warning[203] C:\USERS\SOLDA\DESKTOP\COMPILADOR_V3\COMPILER-MAIN\SRC\PROGRAMAS\CODIGOOBJETO.ASM 85 : Found opcode in column 1. (bcf)
Warning[203] C:\USERS\SOLDA\DESKTOP\COMPILADOR_V3\COMPILER-MAIN\SRC\PROGRAMAS\CODIGOOBJETO.ASM 86 : Found opcode in column 1. (call)
Warning[206] C:\USERS\SOLDA\DESKTOP\COMPILADOR_V3\COMPILER-MAIN\SRC\PROGRAMAS\CODIGOOBJETO.ASM 116 : Found call to macro in column 1. (adelante)
Warning[203] C:\USERS\SOLDA\DESKTOP\COMPILADOR_V3\COMPILER-MAIN\SRC\PROGRAMAS\CODIGOOBJETO.ASM 77 : Found opcode in column 1. (bsf)
Warning[203] C:\USERS\SOLDA\DESKTOP\COMPILADOR_V3\COMPILER-MAIN\SRC\PROGRAMAS\CODIGOOBJETO.ASM 78 : Found opcode in column 1. (bsf)
Warning[203] C:\USERS\SOLDA\DESKTOP\COMPILADOR_V3\COMPILER-MAIN\SRC\PROGRAMAS\CODIGOOBJETO.ASM 79 : Found opcode in column 1. (call)
Warning[203] C:\USERS\SOLDA\DESKTOP\COMPILADOR_V3\COMPILER-MAIN\SRC\PROGRAMAS\CODIGOOBJETO.ASM 80 : Found opcode in column 1. (call)
Warning[203] C:\USERS\SOLDA\DESKTOP\COMPILADOR_V3\COMPILER-MAIN\SRC\PROGRAMAS\CODIGOOBJETO.ASM 81 : Found opcode in column 1. (call)
Warning[203] C:\USERS\SOLDA\DESKTOP\COMPILADOR_V3\COMPILER-MAIN\SRC\PROGRAMAS\CODIGOOBJETO.ASM 82 : Found opcode in column 1. (call)
Warning[203] C:\USERS\SOLDA\DESKTOP\COMPILADOR_V3\COMPILER-MAIN\SRC\PROGRAMAS\CODIGOOBJETO.ASM 83 : Found opcode in column 1. (call)
Warning[203] C:\USERS\SOLDA\DESKTOP\COMPILADOR_V3\COMPILER-MAIN\SRC\PROGRAMAS\CODIGOOBJETO.ASM 84 : Found opcode in column 1. (bcf)
Warning[203] C:\USERS\SOLDA\DESKTOP\COMPILADOR_V3\COMPILER-MAIN\SRC\PROGRAMAS\CODIGOOBJETO.ASM 85 : Found opcode in column 1. (bcf)
Warning[203] C:\USERS\SOLDA\DESKTOP\COMPILADOR_V3\COMPILER-MAIN\SRC\PROGRAMAS\CODIGOOBJETO.ASM 86 : Found opcode in column 1. (call)
Warning[206] C:\USERS\SOLDA\DESKTOP\COMPILADOR_V3\COMPILER-MAIN\SRC\PROGRAMAS\CODIGOOBJETO.ASM 117 : Found call to macro in column 1. (adelante)
Warning[203] C:\USERS\SOLDA\DESKTOP\COMPILADOR_V3\COMPILER-MAIN\SRC\PROGRAMAS\CODIGOOBJETO.ASM 77 : Found opcode in column 1. (bsf)
Warning[203] C:\USERS\SOLDA\DESKTOP\COMPILADOR_V3\COMPILER-MAIN\SRC\PROGRAMAS\CODIGOOBJETO.ASM 78 : Found opcode in column 1. (bsf)
Warning[203] C:\USERS\SOLDA\DESKTOP\COMPILADOR_V3\COMPILER-MAIN\SRC\PROGRAMAS\CODIGOOBJETO.ASM 79 : Found opcode in column 1. (call)
Warning[203] C:\USERS\SOLDA\DESKTOP\COMPILADOR_V3\COMPILER-MAIN\SRC\PROGRAMAS\CODIGOOBJETO.ASM 80 : Found opcode in column 1. (call)
Warning[203] C:\USERS\SOLDA\DESKTOP\COMPILADOR_V3\COMPILER-MAIN\SRC\PROGRAMAS\CODIGOOBJETO.ASM 81 : Found opcode in column 1. (call)
Warning[203] C:\USERS\SOLDA\DESKTOP\COMPILADOR_V3\COMPILER-MAIN\SRC\PROGRAMAS\CODIGOOBJETO.ASM 82 : Found opcode in column 1. (call)
Warning[203] C:\USERS\SOLDA\DESKTOP\COMPILADOR_V3\COMPILER-MAIN\SRC\PROGRAMAS\CODIGOOBJETO.ASM 83 : Found opcode in column 1. (call)
Warning[203] C:\USERS\SOLDA\DESKTOP\COMPILADOR_V3\COMPILER-MAIN\SRC\PROGRAMAS\CODIGOOBJETO.ASM 84 : Found opcode in column 1. (bcf)
Warning[203] C:\USERS\SOLDA\DESKTOP\COMPILADOR_V3\COMPILER-MAIN\SRC\PROGRAMAS\CODIGOOBJETO.ASM 85 : Found opcode in column 1. (bcf)
Warning[203] C:\USERS\SOLDA\DESKTOP\COMPILADOR_V3\COMPILER-MAIN\SRC\PROGRAMAS\CODIGOOBJETO.ASM 86 : Found opcode in column 1. (call)
Warning[206] C:\USERS\SOLDA\DESKTOP\COMPILADOR_V3\COMPILER-MAIN\SRC\PROGRAMAS\CODIGOOBJETO.ASM 118 : Found call to macro in column 1. (adelante)
Warning[203] C:\USERS\SOLDA\DESKTOP\COMPILADOR_V3\COMPILER-MAIN\SRC\PROGRAMAS\CODIGOOBJETO.ASM 77 : Found opcode in column 1. (bsf)
Warning[203] C:\USERS\SOLDA\DESKTOP\COMPILADOR_V3\COMPILER-MAIN\SRC\PROGRAMAS\CODIGOOBJETO.ASM 78 : Found opcode in column 1. (bsf)
Warning[203] C:\USERS\SOLDA\DESKTOP\COMPILADOR_V3\COMPILER-MAIN\SRC\PROGRAMAS\CODIGOOBJETO.ASM 79 : Found opcode in column 1. (call)
Warning[203] C:\USERS\SOLDA\DESKTOP\COMPILADOR_V3\COMPILER-MAIN\SRC\PROGRAMAS\CODIGOOBJETO.ASM 80 : Found opcode in column 1. (call)
Warning[203] C:\USERS\SOLDA\DESKTOP\COMPILADOR_V3\COMPILER-MAIN\SRC\PROGRAMAS\CODIGOOBJETO.ASM 81 : Found opcode in column 1. (call)
Warning[203] C:\USERS\SOLDA\DESKTOP\COMPILADOR_V3\COMPILER-MAIN\SRC\PROGRAMAS\CODIGOOBJETO.ASM 82 : Found opcode in column 1. (call)
Warning[203] C:\USERS\SOLDA\DESKTOP\COMPILADOR_V3\COMPILER-MAIN\SRC\PROGRAMAS\CODIGOOBJETO.ASM 83 : Found opcode in column 1. (call)
Warning[203] C:\USERS\SOLDA\DESKTOP\COMPILADOR_V3\COMPILER-MAIN\SRC\PROGRAMAS\CODIGOOBJETO.ASM 84 : Found opcode in column 1. (bcf)
Warning[203] C:\USERS\SOLDA\DESKTOP\COMPILADOR_V3\COMPILER-MAIN\SRC\PROGRAMAS\CODIGOOBJETO.ASM 85 : Found opcode in column 1. (bcf)
Warning[203] C:\USERS\SOLDA\DESKTOP\COMPILADOR_V3\COMPILER-MAIN\SRC\PROGRAMAS\CODIGOOBJETO.ASM 86 : Found opcode in column 1. (call)
Warning[206] C:\USERS\SOLDA\DESKTOP\COMPILADOR_V3\COMPILER-MAIN\SRC\PROGRAMAS\CODIGOOBJETO.ASM 119 : Found call to macro in column 1. (adelante)
Warning[203] C:\USERS\SOLDA\DESKTOP\COMPILADOR_V3\COMPILER-MAIN\SRC\PROGRAMAS\CODIGOOBJETO.ASM 77 : Found opcode in column 1. (bsf)
Warning[203] C:\USERS\SOLDA\DESKTOP\COMPILADOR_V3\COMPILER-MAIN\SRC\PROGRAMAS\CODIGOOBJETO.ASM 78 : Found opcode in column 1. (bsf)
Warning[203] C:\USERS\SOLDA\DESKTOP\COMPILADOR_V3\COMPILER-MAIN\SRC\PROGRAMAS\CODIGOOBJETO.ASM 79 : Found opcode in column 1. (call)
Warning[203] C:\USERS\SOLDA\DESKTOP\COMPILADOR_V3\COMPILER-MAIN\SRC\PROGRAMAS\CODIGOOBJETO.ASM 80 : Found opcode in column 1. (call)
Warning[203] C:\USERS\SOLDA\DESKTOP\COMPILADOR_V3\COMPILER-MAIN\SRC\PROGRAMAS\CODIGOOBJETO.ASM 81 : Found opcode in column 1. (call)
Warning[203] C:\USERS\SOLDA\DESKTOP\COMPILADOR_V3\COMPILER-MAIN\SRC\PROGRAMAS\CODIGOOBJETO.ASM 82 : Found opcode in column 1. (call)
Warning[203] C:\USERS\SOLDA\DESKTOP\COMPILADOR_V3\COMPILER-MAIN\SRC\PROGRAMAS\CODIGOOBJETO.ASM 83 : Found opcode in column 1. (call)
Warning[203] C:\USERS\SOLDA\DESKTOP\COMPILADOR_V3\COMPILER-MAIN\SRC\PROGRAMAS\CODIGOOBJETO.ASM 84 : Found opcode in column 1. (bcf)
Warning[203] C:\USERS\SOLDA\DESKTOP\COMPILADOR_V3\COMPILER-MAIN\SRC\PROGRAMAS\CODIGOOBJETO.ASM 85 : Found opcode in column 1. (bcf)
Warning[203] C:\USERS\SOLDA\DESKTOP\COMPILADOR_V3\COMPILER-MAIN\SRC\PROGRAMAS\CODIGOOBJETO.ASM 86 : Found opcode in column 1. (call)
Warning[206] C:\USERS\SOLDA\DESKTOP\COMPILADOR_V3\COMPILER-MAIN\SRC\PROGRAMAS\CODIGOOBJETO.ASM 121 : Found call to macro in column 1. (atras)
Warning[203] C:\USERS\SOLDA\DESKTOP\COMPILADOR_V3\COMPILER-MAIN\SRC\PROGRAMAS\CODIGOOBJETO.ASM 63 : Found opcode in column 1. (bsf)
Warning[203] C:\USERS\SOLDA\DESKTOP\COMPILADOR_V3\COMPILER-MAIN\SRC\PROGRAMAS\CODIGOOBJETO.ASM 64 : Found opcode in column 1. (bsf)
Warning[203] C:\USERS\SOLDA\DESKTOP\COMPILADOR_V3\COMPILER-MAIN\SRC\PROGRAMAS\CODIGOOBJETO.ASM 65 : Found opcode in column 1. (call)
Warning[203] C:\USERS\SOLDA\DESKTOP\COMPILADOR_V3\COMPILER-MAIN\SRC\PROGRAMAS\CODIGOOBJETO.ASM 66 : Found opcode in column 1. (call)
Warning[203] C:\USERS\SOLDA\DESKTOP\COMPILADOR_V3\COMPILER-MAIN\SRC\PROGRAMAS\CODIGOOBJETO.ASM 67 : Found opcode in column 1. (call)
Warning[203] C:\USERS\SOLDA\DESKTOP\COMPILADOR_V3\COMPILER-MAIN\SRC\PROGRAMAS\CODIGOOBJETO.ASM 68 : Found opcode in column 1. (call)
Warning[203] C:\USERS\SOLDA\DESKTOP\COMPILADOR_V3\COMPILER-MAIN\SRC\PROGRAMAS\CODIGOOBJETO.ASM 69 : Found opcode in column 1. (call)
Warning[203] C:\USERS\SOLDA\DESKTOP\COMPILADOR_V3\COMPILER-MAIN\SRC\PROGRAMAS\CODIGOOBJETO.ASM 70 : Found opcode in column 1. (bcf)
Warning[203] C:\USERS\SOLDA\DESKTOP\COMPILADOR_V3\COMPILER-MAIN\SRC\PROGRAMAS\CODIGOOBJETO.ASM 71 : Found opcode in column 1. (bcf)
Warning[203] C:\USERS\SOLDA\DESKTOP\COMPILADOR_V3\COMPILER-MAIN\SRC\PROGRAMAS\CODIGOOBJETO.ASM 72 : Found opcode in column 1. (call)
Warning[206] C:\USERS\SOLDA\DESKTOP\COMPILADOR_V3\COMPILER-MAIN\SRC\PROGRAMAS\CODIGOOBJETO.ASM 122 : Found call to macro in column 1. (atras)
Warning[203] C:\USERS\SOLDA\DESKTOP\COMPILADOR_V3\COMPILER-MAIN\SRC\PROGRAMAS\CODIGOOBJETO.ASM 63 : Found opcode in column 1. (bsf)
Warning[203] C:\USERS\SOLDA\DESKTOP\COMPILADOR_V3\COMPILER-MAIN\SRC\PROGRAMAS\CODIGOOBJETO.ASM 64 : Found opcode in column 1. (bsf)
Warning[203] C:\USERS\SOLDA\DESKTOP\COMPILADOR_V3\COMPILER-MAIN\SRC\PROGRAMAS\CODIGOOBJETO.ASM 65 : Found opcode in column 1. (call)
Warning[203] C:\USERS\SOLDA\DESKTOP\COMPILADOR_V3\COMPILER-MAIN\SRC\PROGRAMAS\CODIGOOBJETO.ASM 66 : Found opcode in column 1. (call)
Warning[203] C:\USERS\SOLDA\DESKTOP\COMPILADOR_V3\COMPILER-MAIN\SRC\PROGRAMAS\CODIGOOBJETO.ASM 67 : Found opcode in column 1. (call)
Warning[203] C:\USERS\SOLDA\DESKTOP\COMPILADOR_V3\COMPILER-MAIN\SRC\PROGRAMAS\CODIGOOBJETO.ASM 68 : Found opcode in column 1. (call)
Warning[203] C:\USERS\SOLDA\DESKTOP\COMPILADOR_V3\COMPILER-MAIN\SRC\PROGRAMAS\CODIGOOBJETO.ASM 69 : Found opcode in column 1. (call)
Warning[203] C:\USERS\SOLDA\DESKTOP\COMPILADOR_V3\COMPILER-MAIN\SRC\PROGRAMAS\CODIGOOBJETO.ASM 70 : Found opcode in column 1. (bcf)
Warning[203] C:\USERS\SOLDA\DESKTOP\COMPILADOR_V3\COMPILER-MAIN\SRC\PROGRAMAS\CODIGOOBJETO.ASM 71 : Found opcode in column 1. (bcf)
Warning[203] C:\USERS\SOLDA\DESKTOP\COMPILADOR_V3\COMPILER-MAIN\SRC\PROGRAMAS\CODIGOOBJETO.ASM 72 : Found opcode in column 1. (call)
Warning[206] C:\USERS\SOLDA\DESKTOP\COMPILADOR_V3\COMPILER-MAIN\SRC\PROGRAMAS\CODIGOOBJETO.ASM 123 : Found call to macro in column 1. (atras)
Warning[203] C:\USERS\SOLDA\DESKTOP\COMPILADOR_V3\COMPILER-MAIN\SRC\PROGRAMAS\CODIGOOBJETO.ASM 63 : Found opcode in column 1. (bsf)
Warning[203] C:\USERS\SOLDA\DESKTOP\COMPILADOR_V3\COMPILER-MAIN\SRC\PROGRAMAS\CODIGOOBJETO.ASM 64 : Found opcode in column 1. (bsf)
Warning[203] C:\USERS\SOLDA\DESKTOP\COMPILADOR_V3\COMPILER-MAIN\SRC\PROGRAMAS\CODIGOOBJETO.ASM 65 : Found opcode in column 1. (call)
Warning[203] C:\USERS\SOLDA\DESKTOP\COMPILADOR_V3\COMPILER-MAIN\SRC\PROGRAMAS\CODIGOOBJETO.ASM 66 : Found opcode in column 1. (call)
Warning[203] C:\USERS\SOLDA\DESKTOP\COMPILADOR_V3\COMPILER-MAIN\SRC\PROGRAMAS\CODIGOOBJETO.ASM 67 : Found opcode in column 1. (call)
Warning[203] C:\USERS\SOLDA\DESKTOP\COMPILADOR_V3\COMPILER-MAIN\SRC\PROGRAMAS\CODIGOOBJETO.ASM 68 : Found opcode in column 1. (call)
Warning[203] C:\USERS\SOLDA\DESKTOP\COMPILADOR_V3\COMPILER-MAIN\SRC\PROGRAMAS\CODIGOOBJETO.ASM 69 : Found opcode in column 1. (call)
Warning[203] C:\USERS\SOLDA\DESKTOP\COMPILADOR_V3\COMPILER-MAIN\SRC\PROGRAMAS\CODIGOOBJETO.ASM 70 : Found opcode in column 1. (bcf)
Warning[203] C:\USERS\SOLDA\DESKTOP\COMPILADOR_V3\COMPILER-MAIN\SRC\PROGRAMAS\CODIGOOBJETO.ASM 71 : Found opcode in column 1. (bcf)
Warning[203] C:\USERS\SOLDA\DESKTOP\COMPILADOR_V3\COMPILER-MAIN\SRC\PROGRAMAS\CODIGOOBJETO.ASM 72 : Found opcode in column 1. (call)
Warning[206] C:\USERS\SOLDA\DESKTOP\COMPILADOR_V3\COMPILER-MAIN\SRC\PROGRAMAS\CODIGOOBJETO.ASM 124 : Found call to macro in column 1. (atras)
Warning[203] C:\USERS\SOLDA\DESKTOP\COMPILADOR_V3\COMPILER-MAIN\SRC\PROGRAMAS\CODIGOOBJETO.ASM 63 : Found opcode in column 1. (bsf)
Warning[203] C:\USERS\SOLDA\DESKTOP\COMPILADOR_V3\COMPILER-MAIN\SRC\PROGRAMAS\CODIGOOBJETO.ASM 64 : Found opcode in column 1. (bsf)
Warning[203] C:\USERS\SOLDA\DESKTOP\COMPILADOR_V3\COMPILER-MAIN\SRC\PROGRAMAS\CODIGOOBJETO.ASM 65 : Found opcode in column 1. (call)
Warning[203] C:\USERS\SOLDA\DESKTOP\COMPILADOR_V3\COMPILER-MAIN\SRC\PROGRAMAS\CODIGOOBJETO.ASM 66 : Found opcode in column 1. (call)
Warning[203] C:\USERS\SOLDA\DESKTOP\COMPILADOR_V3\COMPILER-MAIN\SRC\PROGRAMAS\CODIGOOBJETO.ASM 67 : Found opcode in column 1. (call)
Warning[203] C:\USERS\SOLDA\DESKTOP\COMPILADOR_V3\COMPILER-MAIN\SRC\PROGRAMAS\CODIGOOBJETO.ASM 68 : Found opcode in column 1. (call)
Warning[203] C:\USERS\SOLDA\DESKTOP\COMPILADOR_V3\COMPILER-MAIN\SRC\PROGRAMAS\CODIGOOBJETO.ASM 69 : Found opcode in column 1. (call)
Warning[203] C:\USERS\SOLDA\DESKTOP\COMPILADOR_V3\COMPILER-MAIN\SRC\PROGRAMAS\CODIGOOBJETO.ASM 70 : Found opcode in column 1. (bcf)
Warning[203] C:\USERS\SOLDA\DESKTOP\COMPILADOR_V3\COMPILER-MAIN\SRC\PROGRAMAS\CODIGOOBJETO.ASM 71 : Found opcode in column 1. (bcf)
Warning[203] C:\USERS\SOLDA\DESKTOP\COMPILADOR_V3\COMPILER-MAIN\SRC\PROGRAMAS\CODIGOOBJETO.ASM 72 : Found opcode in column 1. (call)
Warning[206] C:\USERS\SOLDA\DESKTOP\COMPILADOR_V3\COMPILER-MAIN\SRC\PROGRAMAS\CODIGOOBJETO.ASM 125 : Found call to macro in column 1. (atras)
Warning[203] C:\USERS\SOLDA\DESKTOP\COMPILADOR_V3\COMPILER-MAIN\SRC\PROGRAMAS\CODIGOOBJETO.ASM 63 : Found opcode in column 1. (bsf)
Warning[203] C:\USERS\SOLDA\DESKTOP\COMPILADOR_V3\COMPILER-MAIN\SRC\PROGRAMAS\CODIGOOBJETO.ASM 64 : Found opcode in column 1. (bsf)
Warning[203] C:\USERS\SOLDA\DESKTOP\COMPILADOR_V3\COMPILER-MAIN\SRC\PROGRAMAS\CODIGOOBJETO.ASM 65 : Found opcode in column 1. (call)
Warning[203] C:\USERS\SOLDA\DESKTOP\COMPILADOR_V3\COMPILER-MAIN\SRC\PROGRAMAS\CODIGOOBJETO.ASM 66 : Found opcode in column 1. (call)
Warning[203] C:\USERS\SOLDA\DESKTOP\COMPILADOR_V3\COMPILER-MAIN\SRC\PROGRAMAS\CODIGOOBJETO.ASM 67 : Found opcode in column 1. (call)
Warning[203] C:\USERS\SOLDA\DESKTOP\COMPILADOR_V3\COMPILER-MAIN\SRC\PROGRAMAS\CODIGOOBJETO.ASM 68 : Found opcode in column 1. (call)
Warning[203] C:\USERS\SOLDA\DESKTOP\COMPILADOR_V3\COMPILER-MAIN\SRC\PROGRAMAS\CODIGOOBJETO.ASM 69 : Found opcode in column 1. (call)
Warning[203] C:\USERS\SOLDA\DESKTOP\COMPILADOR_V3\COMPILER-MAIN\SRC\PROGRAMAS\CODIGOOBJETO.ASM 70 : Found opcode in column 1. (bcf)
Warning[203] C:\USERS\SOLDA\DESKTOP\COMPILADOR_V3\COMPILER-MAIN\SRC\PROGRAMAS\CODIGOOBJETO.ASM 71 : Found opcode in column 1. (bcf)
Warning[203] C:\USERS\SOLDA\DESKTOP\COMPILADOR_V3\COMPILER-MAIN\SRC\PROGRAMAS\CODIGOOBJETO.ASM 72 : Found opcode in column 1. (call)
Warning[206] C:\USERS\SOLDA\DESKTOP\COMPILADOR_V3\COMPILER-MAIN\SRC\PROGRAMAS\CODIGOOBJETO.ASM 128 : Found call to macro in column 1. (atras)
Warning[203] C:\USERS\SOLDA\DESKTOP\COMPILADOR_V3\COMPILER-MAIN\SRC\PROGRAMAS\CODIGOOBJETO.ASM 63 : Found opcode in column 1. (bsf)
Warning[203] C:\USERS\SOLDA\DESKTOP\COMPILADOR_V3\COMPILER-MAIN\SRC\PROGRAMAS\CODIGOOBJETO.ASM 64 : Found opcode in column 1. (bsf)
Warning[203] C:\USERS\SOLDA\DESKTOP\COMPILADOR_V3\COMPILER-MAIN\SRC\PROGRAMAS\CODIGOOBJETO.ASM 65 : Found opcode in column 1. (call)
Warning[203] C:\USERS\SOLDA\DESKTOP\COMPILADOR_V3\COMPILER-MAIN\SRC\PROGRAMAS\CODIGOOBJETO.ASM 66 : Found opcode in column 1. (call)
Warning[203] C:\USERS\SOLDA\DESKTOP\COMPILADOR_V3\COMPILER-MAIN\SRC\PROGRAMAS\CODIGOOBJETO.ASM 67 : Found opcode in column 1. (call)
Warning[203] C:\USERS\SOLDA\DESKTOP\COMPILADOR_V3\COMPILER-MAIN\SRC\PROGRAMAS\CODIGOOBJETO.ASM 68 : Found opcode in column 1. (call)
Warning[203] C:\USERS\SOLDA\DESKTOP\COMPILADOR_V3\COMPILER-MAIN\SRC\PROGRAMAS\CODIGOOBJETO.ASM 69 : Found opcode in column 1. (call)
Warning[203] C:\USERS\SOLDA\DESKTOP\COMPILADOR_V3\COMPILER-MAIN\SRC\PROGRAMAS\CODIGOOBJETO.ASM 70 : Found opcode in column 1. (bcf)
Warning[203] C:\USERS\SOLDA\DESKTOP\COMPILADOR_V3\COMPILER-MAIN\SRC\PROGRAMAS\CODIGOOBJETO.ASM 71 : Found opcode in column 1. (bcf)
Warning[203] C:\USERS\SOLDA\DESKTOP\COMPILADOR_V3\COMPILER-MAIN\SRC\PROGRAMAS\CODIGOOBJETO.ASM 72 : Found opcode in column 1. (call)
Warning[206] C:\USERS\SOLDA\DESKTOP\COMPILADOR_V3\COMPILER-MAIN\SRC\PROGRAMAS\CODIGOOBJETO.ASM 130 : Found call to macro in column 1. (izquierda)
Warning[203] C:\USERS\SOLDA\DESKTOP\COMPILADOR_V3\COMPILER-MAIN\SRC\PROGRAMAS\CODIGOOBJETO.ASM 33 : Found opcode in column 1. (bsf)
Warning[203] C:\USERS\SOLDA\DESKTOP\COMPILADOR_V3\COMPILER-MAIN\SRC\PROGRAMAS\CODIGOOBJETO.ASM 34 : Found opcode in column 1. (bsf)
Warning[203] C:\USERS\SOLDA\DESKTOP\COMPILADOR_V3\COMPILER-MAIN\SRC\PROGRAMAS\CODIGOOBJETO.ASM 35 : Found opcode in column 1. (call)
Warning[203] C:\USERS\SOLDA\DESKTOP\COMPILADOR_V3\COMPILER-MAIN\SRC\PROGRAMAS\CODIGOOBJETO.ASM 36 : Found opcode in column 1. (call)
Warning[203] C:\USERS\SOLDA\DESKTOP\COMPILADOR_V3\COMPILER-MAIN\SRC\PROGRAMAS\CODIGOOBJETO.ASM 37 : Found opcode in column 1. (call)
Warning[203] C:\USERS\SOLDA\DESKTOP\COMPILADOR_V3\COMPILER-MAIN\SRC\PROGRAMAS\CODIGOOBJETO.ASM 38 : Found opcode in column 1. (call)
Warning[203] C:\USERS\SOLDA\DESKTOP\COMPILADOR_V3\COMPILER-MAIN\SRC\PROGRAMAS\CODIGOOBJETO.ASM 39 : Found opcode in column 1. (call)
Warning[203] C:\USERS\SOLDA\DESKTOP\COMPILADOR_V3\COMPILER-MAIN\SRC\PROGRAMAS\CODIGOOBJETO.ASM 40 : Found opcode in column 1. (bcf)
Warning[203] C:\USERS\SOLDA\DESKTOP\COMPILADOR_V3\COMPILER-MAIN\SRC\PROGRAMAS\CODIGOOBJETO.ASM 41 : Found opcode in column 1. (bcf)
Warning[203] C:\USERS\SOLDA\DESKTOP\COMPILADOR_V3\COMPILER-MAIN\SRC\PROGRAMAS\CODIGOOBJETO.ASM 42 : Found opcode in column 1. (call)
Warning[206] C:\USERS\SOLDA\DESKTOP\COMPILADOR_V3\COMPILER-MAIN\SRC\PROGRAMAS\CODIGOOBJETO.ASM 132 : Found call to macro in column 1. (adelante)
Warning[203] C:\USERS\SOLDA\DESKTOP\COMPILADOR_V3\COMPILER-MAIN\SRC\PROGRAMAS\CODIGOOBJETO.ASM 77 : Found opcode in column 1. (bsf)
Warning[203] C:\USERS\SOLDA\DESKTOP\COMPILADOR_V3\COMPILER-MAIN\SRC\PROGRAMAS\CODIGOOBJETO.ASM 78 : Found opcode in column 1. (bsf)
Warning[203] C:\USERS\SOLDA\DESKTOP\COMPILADOR_V3\COMPILER-MAIN\SRC\PROGRAMAS\CODIGOOBJETO.ASM 79 : Found opcode in column 1. (call)
Warning[203] C:\USERS\SOLDA\DESKTOP\COMPILADOR_V3\COMPILER-MAIN\SRC\PROGRAMAS\CODIGOOBJETO.ASM 80 : Found opcode in column 1. (call)
Warning[203] C:\USERS\SOLDA\DESKTOP\COMPILADOR_V3\COMPILER-MAIN\SRC\PROGRAMAS\CODIGOOBJETO.ASM 81 : Found opcode in column 1. (call)
Warning[203] C:\USERS\SOLDA\DESKTOP\COMPILADOR_V3\COMPILER-MAIN\SRC\PROGRAMAS\CODIGOOBJETO.ASM 82 : Found opcode in column 1. (call)
Warning[203] C:\USERS\SOLDA\DESKTOP\COMPILADOR_V3\COMPILER-MAIN\SRC\PROGRAMAS\CODIGOOBJETO.ASM 83 : Found opcode in column 1. (call)
Warning[203] C:\USERS\SOLDA\DESKTOP\COMPILADOR_V3\COMPILER-MAIN\SRC\PROGRAMAS\CODIGOOBJETO.ASM 84 : Found opcode in column 1. (bcf)
Warning[203] C:\USERS\SOLDA\DESKTOP\COMPILADOR_V3\COMPILER-MAIN\SRC\PROGRAMAS\CODIGOOBJETO.ASM 85 : Found opcode in column 1. (bcf)
Warning[203] C:\USERS\SOLDA\DESKTOP\COMPILADOR_V3\COMPILER-MAIN\SRC\PROGRAMAS\CODIGOOBJETO.ASM 86 : Found opcode in column 1. (call)
Warning[206] C:\USERS\SOLDA\DESKTOP\COMPILADOR_V3\COMPILER-MAIN\SRC\PROGRAMAS\CODIGOOBJETO.ASM 133 : Found call to macro in column 1. (adelante)
Warning[203] C:\USERS\SOLDA\DESKTOP\COMPILADOR_V3\COMPILER-MAIN\SRC\PROGRAMAS\CODIGOOBJETO.ASM 77 : Found opcode in column 1. (bsf)
Warning[203] C:\USERS\SOLDA\DESKTOP\COMPILADOR_V3\COMPILER-MAIN\SRC\PROGRAMAS\CODIGOOBJETO.ASM 78 : Found opcode in column 1. (bsf)
Warning[203] C:\USERS\SOLDA\DESKTOP\COMPILADOR_V3\COMPILER-MAIN\SRC\PROGRAMAS\CODIGOOBJETO.ASM 79 : Found opcode in column 1. (call)
Warning[203] C:\USERS\SOLDA\DESKTOP\COMPILADOR_V3\COMPILER-MAIN\SRC\PROGRAMAS\CODIGOOBJETO.ASM 80 : Found opcode in column 1. (call)
Warning[203] C:\USERS\SOLDA\DESKTOP\COMPILADOR_V3\COMPILER-MAIN\SRC\PROGRAMAS\CODIGOOBJETO.ASM 81 : Found opcode in column 1. (call)
Warning[203] C:\USERS\SOLDA\DESKTOP\COMPILADOR_V3\COMPILER-MAIN\SRC\PROGRAMAS\CODIGOOBJETO.ASM 82 : Found opcode in column 1. (call)
Warning[203] C:\USERS\SOLDA\DESKTOP\COMPILADOR_V3\COMPILER-MAIN\SRC\PROGRAMAS\CODIGOOBJETO.ASM 83 : Found opcode in column 1. (call)
Warning[203] C:\USERS\SOLDA\DESKTOP\COMPILADOR_V3\COMPILER-MAIN\SRC\PROGRAMAS\CODIGOOBJETO.ASM 84 : Found opcode in column 1. (bcf)
Warning[203] C:\USERS\SOLDA\DESKTOP\COMPILADOR_V3\COMPILER-MAIN\SRC\PROGRAMAS\CODIGOOBJETO.ASM 85 : Found opcode in column 1. (bcf)
Warning[203] C:\USERS\SOLDA\DESKTOP\COMPILADOR_V3\COMPILER-MAIN\SRC\PROGRAMAS\CODIGOOBJETO.ASM 86 : Found opcode in column 1. (call)
Warning[203] C:\USERS\SOLDA\DESKTOP\COMPILADOR_V3\COMPILER-MAIN\SRC\PROGRAMAS\CODIGOOBJETO.ASM 135 : Found opcode in column 1. (btfss)
Warning[203] C:\USERS\SOLDA\DESKTOP\COMPILADOR_V3\COMPILER-MAIN\SRC\PROGRAMAS\CODIGOOBJETO.ASM 136 : Found opcode in column 1. (goto)
Warning[203] C:\USERS\SOLDA\DESKTOP\COMPILADOR_V3\COMPILER-MAIN\SRC\PROGRAMAS\CODIGOOBJETO.ASM 137 : Found opcode in column 1. (bsf)
Warning[206] C:\USERS\SOLDA\DESKTOP\COMPILADOR_V3\COMPILER-MAIN\SRC\PROGRAMAS\CODIGOOBJETO.ASM 138 : Found call to macro in column 1. (luces)
Warning[203] C:\USERS\SOLDA\DESKTOP\COMPILADOR_V3\COMPILER-MAIN\SRC\PROGRAMAS\CODIGOOBJETO.ASM 103 : Found opcode in column 1. (bsf)
Warning[203] C:\USERS\SOLDA\DESKTOP\COMPILADOR_V3\COMPILER-MAIN\SRC\PROGRAMAS\CODIGOOBJETO.ASM 104 : Found opcode in column 1. (call)
Warning[203] C:\USERS\SOLDA\DESKTOP\COMPILADOR_V3\COMPILER-MAIN\SRC\PROGRAMAS\CODIGOOBJETO.ASM 105 : Found opcode in column 1. (call)
Warning[203] C:\USERS\SOLDA\DESKTOP\COMPILADOR_V3\COMPILER-MAIN\SRC\PROGRAMAS\CODIGOOBJETO.ASM 106 : Found opcode in column 1. (call)
Warning[203] C:\USERS\SOLDA\DESKTOP\COMPILADOR_V3\COMPILER-MAIN\SRC\PROGRAMAS\CODIGOOBJETO.ASM 107 : Found opcode in column 1. (call)
Warning[203] C:\USERS\SOLDA\DESKTOP\COMPILADOR_V3\COMPILER-MAIN\SRC\PROGRAMAS\CODIGOOBJETO.ASM 108 : Found opcode in column 1. (call)
Warning[203] C:\USERS\SOLDA\DESKTOP\COMPILADOR_V3\COMPILER-MAIN\SRC\PROGRAMAS\CODIGOOBJETO.ASM 109 : Found opcode in column 1. (bcf)
Warning[203] C:\USERS\SOLDA\DESKTOP\COMPILADOR_V3\COMPILER-MAIN\SRC\PROGRAMAS\CODIGOOBJETO.ASM 110 : Found opcode in column 1. (call)
Warning[203] C:\USERS\SOLDA\DESKTOP\COMPILADOR_V3\COMPILER-MAIN\SRC\PROGRAMAS\CODIGOOBJETO.ASM 139 : Found opcode in column 1. (goto)
Warning[206] C:\USERS\SOLDA\DESKTOP\COMPILADOR_V3\COMPILER-MAIN\SRC\PROGRAMAS\CODIGOOBJETO.ASM 144 : Found call to macro in column 1. (adelante)
Warning[203] C:\USERS\SOLDA\DESKTOP\COMPILADOR_V3\COMPILER-MAIN\SRC\PROGRAMAS\CODIGOOBJETO.ASM 77 : Found opcode in column 1. (bsf)
Warning[203] C:\USERS\SOLDA\DESKTOP\COMPILADOR_V3\COMPILER-MAIN\SRC\PROGRAMAS\CODIGOOBJETO.ASM 78 : Found opcode in column 1. (bsf)
Warning[203] C:\USERS\SOLDA\DESKTOP\COMPILADOR_V3\COMPILER-MAIN\SRC\PROGRAMAS\CODIGOOBJETO.ASM 79 : Found opcode in column 1. (call)
Warning[203] C:\USERS\SOLDA\DESKTOP\COMPILADOR_V3\COMPILER-MAIN\SRC\PROGRAMAS\CODIGOOBJETO.ASM 80 : Found opcode in column 1. (call)
Warning[203] C:\USERS\SOLDA\DESKTOP\COMPILADOR_V3\COMPILER-MAIN\SRC\PROGRAMAS\CODIGOOBJETO.ASM 81 : Found opcode in column 1. (call)
Warning[203] C:\USERS\SOLDA\DESKTOP\COMPILADOR_V3\COMPILER-MAIN\SRC\PROGRAMAS\CODIGOOBJETO.ASM 82 : Found opcode in column 1. (call)
Warning[203] C:\USERS\SOLDA\DESKTOP\COMPILADOR_V3\COMPILER-MAIN\SRC\PROGRAMAS\CODIGOOBJETO.ASM 83 : Found opcode in column 1. (call)
Warning[203] C:\USERS\SOLDA\DESKTOP\COMPILADOR_V3\COMPILER-MAIN\SRC\PROGRAMAS\CODIGOOBJETO.ASM 84 : Found opcode in column 1. (bcf)
Warning[203] C:\USERS\SOLDA\DESKTOP\COMPILADOR_V3\COMPILER-MAIN\SRC\PROGRAMAS\CODIGOOBJETO.ASM 85 : Found opcode in column 1. (bcf)
Warning[203] C:\USERS\SOLDA\DESKTOP\COMPILADOR_V3\COMPILER-MAIN\SRC\PROGRAMAS\CODIGOOBJETO.ASM 86 : Found opcode in column 1. (call)
Warning[206] C:\USERS\SOLDA\DESKTOP\COMPILADOR_V3\COMPILER-MAIN\SRC\PROGRAMAS\CODIGOOBJETO.ASM 146 : Found call to macro in column 1. (plantar)
Warning[203] C:\USERS\SOLDA\DESKTOP\COMPILADOR_V3\COMPILER-MAIN\SRC\PROGRAMAS\CODIGOOBJETO.ASM 91 : Found opcode in column 1. (bsf)
Warning[203] C:\USERS\SOLDA\DESKTOP\COMPILADOR_V3\COMPILER-MAIN\SRC\PROGRAMAS\CODIGOOBJETO.ASM 92 : Found opcode in column 1. (call)
Warning[203] C:\USERS\SOLDA\DESKTOP\COMPILADOR_V3\COMPILER-MAIN\SRC\PROGRAMAS\CODIGOOBJETO.ASM 93 : Found opcode in column 1. (call)
Warning[203] C:\USERS\SOLDA\DESKTOP\COMPILADOR_V3\COMPILER-MAIN\SRC\PROGRAMAS\CODIGOOBJETO.ASM 94 : Found opcode in column 1. (call)
Warning[203] C:\USERS\SOLDA\DESKTOP\COMPILADOR_V3\COMPILER-MAIN\SRC\PROGRAMAS\CODIGOOBJETO.ASM 95 : Found opcode in column 1. (call)
Warning[203] C:\USERS\SOLDA\DESKTOP\COMPILADOR_V3\COMPILER-MAIN\SRC\PROGRAMAS\CODIGOOBJETO.ASM 96 : Found opcode in column 1. (call)
Warning[203] C:\USERS\SOLDA\DESKTOP\COMPILADOR_V3\COMPILER-MAIN\SRC\PROGRAMAS\CODIGOOBJETO.ASM 97 : Found opcode in column 1. (bcf)
Warning[203] C:\USERS\SOLDA\DESKTOP\COMPILADOR_V3\COMPILER-MAIN\SRC\PROGRAMAS\CODIGOOBJETO.ASM 98 : Found opcode in column 1. (call)
Warning[206] C:\USERS\SOLDA\DESKTOP\COMPILADOR_V3\COMPILER-MAIN\SRC\PROGRAMAS\CODIGOOBJETO.ASM 148 : Found call to macro in column 1. (plantar)
Warning[203] C:\USERS\SOLDA\DESKTOP\COMPILADOR_V3\COMPILER-MAIN\SRC\PROGRAMAS\CODIGOOBJETO.ASM 91 : Found opcode in column 1. (bsf)
Warning[203] C:\USERS\SOLDA\DESKTOP\COMPILADOR_V3\COMPILER-MAIN\SRC\PROGRAMAS\CODIGOOBJETO.ASM 92 : Found opcode in column 1. (call)
Warning[203] C:\USERS\SOLDA\DESKTOP\COMPILADOR_V3\COMPILER-MAIN\SRC\PROGRAMAS\CODIGOOBJETO.ASM 93 : Found opcode in column 1. (call)
Warning[203] C:\USERS\SOLDA\DESKTOP\COMPILADOR_V3\COMPILER-MAIN\SRC\PROGRAMAS\CODIGOOBJETO.ASM 94 : Found opcode in column 1. (call)
Warning[203] C:\USERS\SOLDA\DESKTOP\COMPILADOR_V3\COMPILER-MAIN\SRC\PROGRAMAS\CODIGOOBJETO.ASM 95 : Found opcode in column 1. (call)
Warning[203] C:\USERS\SOLDA\DESKTOP\COMPILADOR_V3\COMPILER-MAIN\SRC\PROGRAMAS\CODIGOOBJETO.ASM 96 : Found opcode in column 1. (call)
Warning[203] C:\USERS\SOLDA\DESKTOP\COMPILADOR_V3\COMPILER-MAIN\SRC\PROGRAMAS\CODIGOOBJETO.ASM 97 : Found opcode in column 1. (bcf)
Warning[203] C:\USERS\SOLDA\DESKTOP\COMPILADOR_V3\COMPILER-MAIN\SRC\PROGRAMAS\CODIGOOBJETO.ASM 98 : Found opcode in column 1. (call)
Warning[206] C:\USERS\SOLDA\DESKTOP\COMPILADOR_V3\COMPILER-MAIN\SRC\PROGRAMAS\CODIGOOBJETO.ASM 149 : Found call to macro in column 1. (plantar)
Warning[203] C:\USERS\SOLDA\DESKTOP\COMPILADOR_V3\COMPILER-MAIN\SRC\PROGRAMAS\CODIGOOBJETO.ASM 91 : Found opcode in column 1. (bsf)
Warning[203] C:\USERS\SOLDA\DESKTOP\COMPILADOR_V3\COMPILER-MAIN\SRC\PROGRAMAS\CODIGOOBJETO.ASM 92 : Found opcode in column 1. (call)
Warning[203] C:\USERS\SOLDA\DESKTOP\COMPILADOR_V3\COMPILER-MAIN\SRC\PROGRAMAS\CODIGOOBJETO.ASM 93 : Found opcode in column 1. (call)
Warning[203] C:\USERS\SOLDA\DESKTOP\COMPILADOR_V3\COMPILER-MAIN\SRC\PROGRAMAS\CODIGOOBJETO.ASM 94 : Found opcode in column 1. (call)
Warning[203] C:\USERS\SOLDA\DESKTOP\COMPILADOR_V3\COMPILER-MAIN\SRC\PROGRAMAS\CODIGOOBJETO.ASM 95 : Found opcode in column 1. (call)
Warning[203] C:\USERS\SOLDA\DESKTOP\COMPILADOR_V3\COMPILER-MAIN\SRC\PROGRAMAS\CODIGOOBJETO.ASM 96 : Found opcode in column 1. (call)
Warning[203] C:\USERS\SOLDA\DESKTOP\COMPILADOR_V3\COMPILER-MAIN\SRC\PROGRAMAS\CODIGOOBJETO.ASM 97 : Found opcode in column 1. (bcf)
Warning[203] C:\USERS\SOLDA\DESKTOP\COMPILADOR_V3\COMPILER-MAIN\SRC\PROGRAMAS\CODIGOOBJETO.ASM 98 : Found opcode in column 1. (call)
Warning[206] C:\USERS\SOLDA\DESKTOP\COMPILADOR_V3\COMPILER-MAIN\SRC\PROGRAMAS\CODIGOOBJETO.ASM 150 : Found call to macro in column 1. (plantar)
Warning[203] C:\USERS\SOLDA\DESKTOP\COMPILADOR_V3\COMPILER-MAIN\SRC\PROGRAMAS\CODIGOOBJETO.ASM 91 : Found opcode in column 1. (bsf)
Warning[203] C:\USERS\SOLDA\DESKTOP\COMPILADOR_V3\COMPILER-MAIN\SRC\PROGRAMAS\CODIGOOBJETO.ASM 92 : Found opcode in column 1. (call)
Warning[203] C:\USERS\SOLDA\DESKTOP\COMPILADOR_V3\COMPILER-MAIN\SRC\PROGRAMAS\CODIGOOBJETO.ASM 93 : Found opcode in column 1. (call)
Warning[203] C:\USERS\SOLDA\DESKTOP\COMPILADOR_V3\COMPILER-MAIN\SRC\PROGRAMAS\CODIGOOBJETO.ASM 94 : Found opcode in column 1. (call)
Warning[203] C:\USERS\SOLDA\DESKTOP\COMPILADOR_V3\COMPILER-MAIN\SRC\PROGRAMAS\CODIGOOBJETO.ASM 95 : Found opcode in column 1. (call)
Warning[203] C:\USERS\SOLDA\DESKTOP\COMPILADOR_V3\COMPILER-MAIN\SRC\PROGRAMAS\CODIGOOBJETO.ASM 96 : Found opcode in column 1. (call)
Warning[203] C:\USERS\SOLDA\DESKTOP\COMPILADOR_V3\COMPILER-MAIN\SRC\PROGRAMAS\CODIGOOBJETO.ASM 97 : Found opcode in column 1. (bcf)
Warning[203] C:\USERS\SOLDA\DESKTOP\COMPILADOR_V3\COMPILER-MAIN\SRC\PROGRAMAS\CODIGOOBJETO.ASM 98 : Found opcode in column 1. (call)
Warning[206] C:\USERS\SOLDA\DESKTOP\COMPILADOR_V3\COMPILER-MAIN\SRC\PROGRAMAS\CODIGOOBJETO.ASM 151 : Found call to macro in column 1. (plantar)
Warning[203] C:\USERS\SOLDA\DESKTOP\COMPILADOR_V3\COMPILER-MAIN\SRC\PROGRAMAS\CODIGOOBJETO.ASM 91 : Found opcode in column 1. (bsf)
Warning[203] C:\USERS\SOLDA\DESKTOP\COMPILADOR_V3\COMPILER-MAIN\SRC\PROGRAMAS\CODIGOOBJETO.ASM 92 : Found opcode in column 1. (call)
Warning[203] C:\USERS\SOLDA\DESKTOP\COMPILADOR_V3\COMPILER-MAIN\SRC\PROGRAMAS\CODIGOOBJETO.ASM 93 : Found opcode in column 1. (call)
Warning[203] C:\USERS\SOLDA\DESKTOP\COMPILADOR_V3\COMPILER-MAIN\SRC\PROGRAMAS\CODIGOOBJETO.ASM 94 : Found opcode in column 1. (call)
Warning[203] C:\USERS\SOLDA\DESKTOP\COMPILADOR_V3\COMPILER-MAIN\SRC\PROGRAMAS\CODIGOOBJETO.ASM 95 : Found opcode in column 1. (call)
Warning[203] C:\USERS\SOLDA\DESKTOP\COMPILADOR_V3\COMPILER-MAIN\SRC\PROGRAMAS\CODIGOOBJETO.ASM 96 : Found opcode in column 1. (call)
Warning[203] C:\USERS\SOLDA\DESKTOP\COMPILADOR_V3\COMPILER-MAIN\SRC\PROGRAMAS\CODIGOOBJETO.ASM 97 : Found opcode in column 1. (bcf)
Warning[203] C:\USERS\SOLDA\DESKTOP\COMPILADOR_V3\COMPILER-MAIN\SRC\PROGRAMAS\CODIGOOBJETO.ASM 98 : Found opcode in column 1. (call)
Warning[206] C:\USERS\SOLDA\DESKTOP\COMPILADOR_V3\COMPILER-MAIN\SRC\PROGRAMAS\CODIGOOBJETO.ASM 152 : Found call to macro in column 1. (plantar)
Warning[203] C:\USERS\SOLDA\DESKTOP\COMPILADOR_V3\COMPILER-MAIN\SRC\PROGRAMAS\CODIGOOBJETO.ASM 91 : Found opcode in column 1. (bsf)
Warning[203] C:\USERS\SOLDA\DESKTOP\COMPILADOR_V3\COMPILER-MAIN\SRC\PROGRAMAS\CODIGOOBJETO.ASM 92 : Found opcode in column 1. (call)
Warning[203] C:\USERS\SOLDA\DESKTOP\COMPILADOR_V3\COMPILER-MAIN\SRC\PROGRAMAS\CODIGOOBJETO.ASM 93 : Found opcode in column 1. (call)
Warning[203] C:\USERS\SOLDA\DESKTOP\COMPILADOR_V3\COMPILER-MAIN\SRC\PROGRAMAS\CODIGOOBJETO.ASM 94 : Found opcode in column 1. (call)
Warning[203] C:\USERS\SOLDA\DESKTOP\COMPILADOR_V3\COMPILER-MAIN\SRC\PROGRAMAS\CODIGOOBJETO.ASM 95 : Found opcode in column 1. (call)
Warning[203] C:\USERS\SOLDA\DESKTOP\COMPILADOR_V3\COMPILER-MAIN\SRC\PROGRAMAS\CODIGOOBJETO.ASM 96 : Found opcode in column 1. (call)
Warning[203] C:\USERS\SOLDA\DESKTOP\COMPILADOR_V3\COMPILER-MAIN\SRC\PROGRAMAS\CODIGOOBJETO.ASM 97 : Found opcode in column 1. (bcf)
Warning[203] C:\USERS\SOLDA\DESKTOP\COMPILADOR_V3\COMPILER-MAIN\SRC\PROGRAMAS\CODIGOOBJETO.ASM 98 : Found opcode in column 1. (call)
Warning[206] C:\USERS\SOLDA\DESKTOP\COMPILADOR_V3\COMPILER-MAIN\SRC\PROGRAMAS\CODIGOOBJETO.ASM 153 : Found call to macro in column 1. (derecha)
Warning[203] C:\USERS\SOLDA\DESKTOP\COMPILADOR_V3\COMPILER-MAIN\SRC\PROGRAMAS\CODIGOOBJETO.ASM 47 : Found opcode in column 1. (bsf)
Warning[203] C:\USERS\SOLDA\DESKTOP\COMPILADOR_V3\COMPILER-MAIN\SRC\PROGRAMAS\CODIGOOBJETO.ASM 48 : Found opcode in column 1. (bsf)
Warning[203] C:\USERS\SOLDA\DESKTOP\COMPILADOR_V3\COMPILER-MAIN\SRC\PROGRAMAS\CODIGOOBJETO.ASM 49 : Found opcode in column 1. (call)
Warning[203] C:\USERS\SOLDA\DESKTOP\COMPILADOR_V3\COMPILER-MAIN\SRC\PROGRAMAS\CODIGOOBJETO.ASM 50 : Found opcode in column 1. (call)
Warning[203] C:\USERS\SOLDA\DESKTOP\COMPILADOR_V3\COMPILER-MAIN\SRC\PROGRAMAS\CODIGOOBJETO.ASM 51 : Found opcode in column 1. (call)
Warning[203] C:\USERS\SOLDA\DESKTOP\COMPILADOR_V3\COMPILER-MAIN\SRC\PROGRAMAS\CODIGOOBJETO.ASM 52 : Found opcode in column 1. (call)
Warning[203] C:\USERS\SOLDA\DESKTOP\COMPILADOR_V3\COMPILER-MAIN\SRC\PROGRAMAS\CODIGOOBJETO.ASM 53 : Found opcode in column 1. (call)
Warning[203] C:\USERS\SOLDA\DESKTOP\COMPILADOR_V3\COMPILER-MAIN\SRC\PROGRAMAS\CODIGOOBJETO.ASM 54 : Found opcode in column 1. (bcf)
Warning[203] C:\USERS\SOLDA\DESKTOP\COMPILADOR_V3\COMPILER-MAIN\SRC\PROGRAMAS\CODIGOOBJETO.ASM 55 : Found opcode in column 1. (bcf)
Warning[203] C:\USERS\SOLDA\DESKTOP\COMPILADOR_V3\COMPILER-MAIN\SRC\PROGRAMAS\CODIGOOBJETO.ASM 56 : Found opcode in column 1. (call)
Warning[206] C:\USERS\SOLDA\DESKTOP\COMPILADOR_V3\COMPILER-MAIN\SRC\PROGRAMAS\CODIGOOBJETO.ASM 155 : Found call to macro in column 1. (adelante)
Warning[203] C:\USERS\SOLDA\DESKTOP\COMPILADOR_V3\COMPILER-MAIN\SRC\PROGRAMAS\CODIGOOBJETO.ASM 77 : Found opcode in column 1. (bsf)
Warning[203] C:\USERS\SOLDA\DESKTOP\COMPILADOR_V3\COMPILER-MAIN\SRC\PROGRAMAS\CODIGOOBJETO.ASM 78 : Found opcode in column 1. (bsf)
Warning[203] C:\USERS\SOLDA\DESKTOP\COMPILADOR_V3\COMPILER-MAIN\SRC\PROGRAMAS\CODIGOOBJETO.ASM 79 : Found opcode in column 1. (call)
Warning[203] C:\USERS\SOLDA\DESKTOP\COMPILADOR_V3\COMPILER-MAIN\SRC\PROGRAMAS\CODIGOOBJETO.ASM 80 : Found opcode in column 1. (call)
Warning[203] C:\USERS\SOLDA\DESKTOP\COMPILADOR_V3\COMPILER-MAIN\SRC\PROGRAMAS\CODIGOOBJETO.ASM 81 : Found opcode in column 1. (call)
Warning[203] C:\USERS\SOLDA\DESKTOP\COMPILADOR_V3\COMPILER-MAIN\SRC\PROGRAMAS\CODIGOOBJETO.ASM 82 : Found opcode in column 1. (call)
Warning[203] C:\USERS\SOLDA\DESKTOP\COMPILADOR_V3\COMPILER-MAIN\SRC\PROGRAMAS\CODIGOOBJETO.ASM 83 : Found opcode in column 1. (call)
Warning[203] C:\USERS\SOLDA\DESKTOP\COMPILADOR_V3\COMPILER-MAIN\SRC\PROGRAMAS\CODIGOOBJETO.ASM 84 : Found opcode in column 1. (bcf)
Warning[203] C:\USERS\SOLDA\DESKTOP\COMPILADOR_V3\COMPILER-MAIN\SRC\PROGRAMAS\CODIGOOBJETO.ASM 85 : Found opcode in column 1. (bcf)
Warning[203] C:\USERS\SOLDA\DESKTOP\COMPILADOR_V3\COMPILER-MAIN\SRC\PROGRAMAS\CODIGOOBJETO.ASM 86 : Found opcode in column 1. (call)
Warning[206] C:\USERS\SOLDA\DESKTOP\COMPILADOR_V3\COMPILER-MAIN\SRC\PROGRAMAS\CODIGOOBJETO.ASM 156 : Found call to macro in column 1. (adelante)
Warning[203] C:\USERS\SOLDA\DESKTOP\COMPILADOR_V3\COMPILER-MAIN\SRC\PROGRAMAS\CODIGOOBJETO.ASM 77 : Found opcode in column 1. (bsf)
Warning[203] C:\USERS\SOLDA\DESKTOP\COMPILADOR_V3\COMPILER-MAIN\SRC\PROGRAMAS\CODIGOOBJETO.ASM 78 : Found opcode in column 1. (bsf)
Warning[203] C:\USERS\SOLDA\DESKTOP\COMPILADOR_V3\COMPILER-MAIN\SRC\PROGRAMAS\CODIGOOBJETO.ASM 79 : Found opcode in column 1. (call)
Warning[203] C:\USERS\SOLDA\DESKTOP\COMPILADOR_V3\COMPILER-MAIN\SRC\PROGRAMAS\CODIGOOBJETO.ASM 80 : Found opcode in column 1. (call)
Warning[203] C:\USERS\SOLDA\DESKTOP\COMPILADOR_V3\COMPILER-MAIN\SRC\PROGRAMAS\CODIGOOBJETO.ASM 81 : Found opcode in column 1. (call)
Warning[203] C:\USERS\SOLDA\DESKTOP\COMPILADOR_V3\COMPILER-MAIN\SRC\PROGRAMAS\CODIGOOBJETO.ASM 82 : Found opcode in column 1. (call)
Warning[203] C:\USERS\SOLDA\DESKTOP\COMPILADOR_V3\COMPILER-MAIN\SRC\PROGRAMAS\CODIGOOBJETO.ASM 83 : Found opcode in column 1. (call)
Warning[203] C:\USERS\SOLDA\DESKTOP\COMPILADOR_V3\COMPILER-MAIN\SRC\PROGRAMAS\CODIGOOBJETO.ASM 84 : Found opcode in column 1. (bcf)
Warning[203] C:\USERS\SOLDA\DESKTOP\COMPILADOR_V3\COMPILER-MAIN\SRC\PROGRAMAS\CODIGOOBJETO.ASM 85 : Found opcode in column 1. (bcf)
Warning[203] C:\USERS\SOLDA\DESKTOP\COMPILADOR_V3\COMPILER-MAIN\SRC\PROGRAMAS\CODIGOOBJETO.ASM 86 : Found opcode in column 1. (call)
Warning[206] C:\USERS\SOLDA\DESKTOP\COMPILADOR_V3\COMPILER-MAIN\SRC\PROGRAMAS\CODIGOOBJETO.ASM 158 : Found call to macro in column 1. (plantar)
Warning[203] C:\USERS\SOLDA\DESKTOP\COMPILADOR_V3\COMPILER-MAIN\SRC\PROGRAMAS\CODIGOOBJETO.ASM 91 : Found opcode in column 1. (bsf)
Warning[203] C:\USERS\SOLDA\DESKTOP\COMPILADOR_V3\COMPILER-MAIN\SRC\PROGRAMAS\CODIGOOBJETO.ASM 92 : Found opcode in column 1. (call)
Warning[203] C:\USERS\SOLDA\DESKTOP\COMPILADOR_V3\COMPILER-MAIN\SRC\PROGRAMAS\CODIGOOBJETO.ASM 93 : Found opcode in column 1. (call)
Warning[203] C:\USERS\SOLDA\DESKTOP\COMPILADOR_V3\COMPILER-MAIN\SRC\PROGRAMAS\CODIGOOBJETO.ASM 94 : Found opcode in column 1. (call)
Warning[203] C:\USERS\SOLDA\DESKTOP\COMPILADOR_V3\COMPILER-MAIN\SRC\PROGRAMAS\CODIGOOBJETO.ASM 95 : Found opcode in column 1. (call)
Warning[203] C:\USERS\SOLDA\DESKTOP\COMPILADOR_V3\COMPILER-MAIN\SRC\PROGRAMAS\CODIGOOBJETO.ASM 96 : Found opcode in column 1. (call)
Warning[203] C:\USERS\SOLDA\DESKTOP\COMPILADOR_V3\COMPILER-MAIN\SRC\PROGRAMAS\CODIGOOBJETO.ASM 97 : Found opcode in column 1. (bcf)
Warning[203] C:\USERS\SOLDA\DESKTOP\COMPILADOR_V3\COMPILER-MAIN\SRC\PROGRAMAS\CODIGOOBJETO.ASM 98 : Found opcode in column 1. (call)
Warning[206] C:\USERS\SOLDA\DESKTOP\COMPILADOR_V3\COMPILER-MAIN\SRC\PROGRAMAS\CODIGOOBJETO.ASM 160 : Found call to macro in column 1. (atras)
Warning[203] C:\USERS\SOLDA\DESKTOP\COMPILADOR_V3\COMPILER-MAIN\SRC\PROGRAMAS\CODIGOOBJETO.ASM 63 : Found opcode in column 1. (bsf)
Warning[203] C:\USERS\SOLDA\DESKTOP\COMPILADOR_V3\COMPILER-MAIN\SRC\PROGRAMAS\CODIGOOBJETO.ASM 64 : Found opcode in column 1. (bsf)
Warning[203] C:\USERS\SOLDA\DESKTOP\COMPILADOR_V3\COMPILER-MAIN\SRC\PROGRAMAS\CODIGOOBJETO.ASM 65 : Found opcode in column 1. (call)
Warning[203] C:\USERS\SOLDA\DESKTOP\COMPILADOR_V3\COMPILER-MAIN\SRC\PROGRAMAS\CODIGOOBJETO.ASM 66 : Found opcode in column 1. (call)
Warning[203] C:\USERS\SOLDA\DESKTOP\COMPILADOR_V3\COMPILER-MAIN\SRC\PROGRAMAS\CODIGOOBJETO.ASM 67 : Found opcode in column 1. (call)
Warning[203] C:\USERS\SOLDA\DESKTOP\COMPILADOR_V3\COMPILER-MAIN\SRC\PROGRAMAS\CODIGOOBJETO.ASM 68 : Found opcode in column 1. (call)
Warning[203] C:\USERS\SOLDA\DESKTOP\COMPILADOR_V3\COMPILER-MAIN\SRC\PROGRAMAS\CODIGOOBJETO.ASM 69 : Found opcode in column 1. (call)
Warning[203] C:\USERS\SOLDA\DESKTOP\COMPILADOR_V3\COMPILER-MAIN\SRC\PROGRAMAS\CODIGOOBJETO.ASM 70 : Found opcode in column 1. (bcf)
Warning[203] C:\USERS\SOLDA\DESKTOP\COMPILADOR_V3\COMPILER-MAIN\SRC\PROGRAMAS\CODIGOOBJETO.ASM 71 : Found opcode in column 1. (bcf)
Warning[203] C:\USERS\SOLDA\DESKTOP\COMPILADOR_V3\COMPILER-MAIN\SRC\PROGRAMAS\CODIGOOBJETO.ASM 72 : Found opcode in column 1. (call)
Warning[206] C:\USERS\SOLDA\DESKTOP\COMPILADOR_V3\COMPILER-MAIN\SRC\PROGRAMAS\CODIGOOBJETO.ASM 161 : Found call to macro in column 1. (atras)
Warning[203] C:\USERS\SOLDA\DESKTOP\COMPILADOR_V3\COMPILER-MAIN\SRC\PROGRAMAS\CODIGOOBJETO.ASM 63 : Found opcode in column 1. (bsf)
Warning[203] C:\USERS\SOLDA\DESKTOP\COMPILADOR_V3\COMPILER-MAIN\SRC\PROGRAMAS\CODIGOOBJETO.ASM 64 : Found opcode in column 1. (bsf)
Warning[203] C:\USERS\SOLDA\DESKTOP\COMPILADOR_V3\COMPILER-MAIN\SRC\PROGRAMAS\CODIGOOBJETO.ASM 65 : Found opcode in column 1. (call)
Warning[203] C:\USERS\SOLDA\DESKTOP\COMPILADOR_V3\COMPILER-MAIN\SRC\PROGRAMAS\CODIGOOBJETO.ASM 66 : Found opcode in column 1. (call)
Warning[203] C:\USERS\SOLDA\DESKTOP\COMPILADOR_V3\COMPILER-MAIN\SRC\PROGRAMAS\CODIGOOBJETO.ASM 67 : Found opcode in column 1. (call)
Warning[203] C:\USERS\SOLDA\DESKTOP\COMPILADOR_V3\COMPILER-MAIN\SRC\PROGRAMAS\CODIGOOBJETO.ASM 68 : Found opcode in column 1. (call)
Warning[203] C:\USERS\SOLDA\DESKTOP\COMPILADOR_V3\COMPILER-MAIN\SRC\PROGRAMAS\CODIGOOBJETO.ASM 69 : Found opcode in column 1. (call)
Warning[203] C:\USERS\SOLDA\DESKTOP\COMPILADOR_V3\COMPILER-MAIN\SRC\PROGRAMAS\CODIGOOBJETO.ASM 70 : Found opcode in column 1. (bcf)
Warning[203] C:\USERS\SOLDA\DESKTOP\COMPILADOR_V3\COMPILER-MAIN\SRC\PROGRAMAS\CODIGOOBJETO.ASM 71 : Found opcode in column 1. (bcf)
Warning[203] C:\USERS\SOLDA\DESKTOP\COMPILADOR_V3\COMPILER-MAIN\SRC\PROGRAMAS\CODIGOOBJETO.ASM 72 : Found opcode in column 1. (call)
Warning[206] C:\USERS\SOLDA\DESKTOP\COMPILADOR_V3\COMPILER-MAIN\SRC\PROGRAMAS\CODIGOOBJETO.ASM 162 : Found call to macro in column 1. (atras)
Warning[203] C:\USERS\SOLDA\DESKTOP\COMPILADOR_V3\COMPILER-MAIN\SRC\PROGRAMAS\CODIGOOBJETO.ASM 63 : Found opcode in column 1. (bsf)
Warning[203] C:\USERS\SOLDA\DESKTOP\COMPILADOR_V3\COMPILER-MAIN\SRC\PROGRAMAS\CODIGOOBJETO.ASM 64 : Found opcode in column 1. (bsf)
Warning[203] C:\USERS\SOLDA\DESKTOP\COMPILADOR_V3\COMPILER-MAIN\SRC\PROGRAMAS\CODIGOOBJETO.ASM 65 : Found opcode in column 1. (call)
Warning[203] C:\USERS\SOLDA\DESKTOP\COMPILADOR_V3\COMPILER-MAIN\SRC\PROGRAMAS\CODIGOOBJETO.ASM 66 : Found opcode in column 1. (call)
Warning[203] C:\USERS\SOLDA\DESKTOP\COMPILADOR_V3\COMPILER-MAIN\SRC\PROGRAMAS\CODIGOOBJETO.ASM 67 : Found opcode in column 1. (call)
Warning[203] C:\USERS\SOLDA\DESKTOP\COMPILADOR_V3\COMPILER-MAIN\SRC\PROGRAMAS\CODIGOOBJETO.ASM 68 : Found opcode in column 1. (call)
Warning[203] C:\USERS\SOLDA\DESKTOP\COMPILADOR_V3\COMPILER-MAIN\SRC\PROGRAMAS\CODIGOOBJETO.ASM 69 : Found opcode in column 1. (call)
Warning[203] C:\USERS\SOLDA\DESKTOP\COMPILADOR_V3\COMPILER-MAIN\SRC\PROGRAMAS\CODIGOOBJETO.ASM 70 : Found opcode in column 1. (bcf)
Warning[203] C:\USERS\SOLDA\DESKTOP\COMPILADOR_V3\COMPILER-MAIN\SRC\PROGRAMAS\CODIGOOBJETO.ASM 71 : Found opcode in column 1. (bcf)
Warning[203] C:\USERS\SOLDA\DESKTOP\COMPILADOR_V3\COMPILER-MAIN\SRC\PROGRAMAS\CODIGOOBJETO.ASM 72 : Found opcode in column 1. (call)
Warning[206] C:\USERS\SOLDA\DESKTOP\COMPILADOR_V3\COMPILER-MAIN\SRC\PROGRAMAS\CODIGOOBJETO.ASM 163 : Found call to macro in column 1. (atras)
Warning[203] C:\USERS\SOLDA\DESKTOP\COMPILADOR_V3\COMPILER-MAIN\SRC\PROGRAMAS\CODIGOOBJETO.ASM 63 : Found opcode in column 1. (bsf)
Warning[203] C:\USERS\SOLDA\DESKTOP\COMPILADOR_V3\COMPILER-MAIN\SRC\PROGRAMAS\CODIGOOBJETO.ASM 64 : Found opcode in column 1. (bsf)
Warning[203] C:\USERS\SOLDA\DESKTOP\COMPILADOR_V3\COMPILER-MAIN\SRC\PROGRAMAS\CODIGOOBJETO.ASM 65 : Found opcode in column 1. (call)
Warning[203] C:\USERS\SOLDA\DESKTOP\COMPILADOR_V3\COMPILER-MAIN\SRC\PROGRAMAS\CODIGOOBJETO.ASM 66 : Found opcode in column 1. (call)
Warning[203] C:\USERS\SOLDA\DESKTOP\COMPILADOR_V3\COMPILER-MAIN\SRC\PROGRAMAS\CODIGOOBJETO.ASM 67 : Found opcode in column 1. (call)
Warning[203] C:\USERS\SOLDA\DESKTOP\COMPILADOR_V3\COMPILER-MAIN\SRC\PROGRAMAS\CODIGOOBJETO.ASM 68 : Found opcode in column 1. (call)
Warning[203] C:\USERS\SOLDA\DESKTOP\COMPILADOR_V3\COMPILER-MAIN\SRC\PROGRAMAS\CODIGOOBJETO.ASM 69 : Found opcode in column 1. (call)
Warning[203] C:\USERS\SOLDA\DESKTOP\COMPILADOR_V3\COMPILER-MAIN\SRC\PROGRAMAS\CODIGOOBJETO.ASM 70 : Found opcode in column 1. (bcf)
Warning[203] C:\USERS\SOLDA\DESKTOP\COMPILADOR_V3\COMPILER-MAIN\SRC\PROGRAMAS\CODIGOOBJETO.ASM 71 : Found opcode in column 1. (bcf)
Warning[203] C:\USERS\SOLDA\DESKTOP\COMPILADOR_V3\COMPILER-MAIN\SRC\PROGRAMAS\CODIGOOBJETO.ASM 72 : Found opcode in column 1. (call)
Warning[206] C:\USERS\SOLDA\DESKTOP\COMPILADOR_V3\COMPILER-MAIN\SRC\PROGRAMAS\CODIGOOBJETO.ASM 164 : Found call to macro in column 1. (atras)
Warning[203] C:\USERS\SOLDA\DESKTOP\COMPILADOR_V3\COMPILER-MAIN\SRC\PROGRAMAS\CODIGOOBJETO.ASM 63 : Found opcode in column 1. (bsf)
Warning[203] C:\USERS\SOLDA\DESKTOP\COMPILADOR_V3\COMPILER-MAIN\SRC\PROGRAMAS\CODIGOOBJETO.ASM 64 : Found opcode in column 1. (bsf)
Warning[203] C:\USERS\SOLDA\DESKTOP\COMPILADOR_V3\COMPILER-MAIN\SRC\PROGRAMAS\CODIGOOBJETO.ASM 65 : Found opcode in column 1. (call)
Warning[203] C:\USERS\SOLDA\DESKTOP\COMPILADOR_V3\COMPILER-MAIN\SRC\PROGRAMAS\CODIGOOBJETO.ASM 66 : Found opcode in column 1. (call)
Warning[203] C:\USERS\SOLDA\DESKTOP\COMPILADOR_V3\COMPILER-MAIN\SRC\PROGRAMAS\CODIGOOBJETO.ASM 67 : Found opcode in column 1. (call)
Warning[203] C:\USERS\SOLDA\DESKTOP\COMPILADOR_V3\COMPILER-MAIN\SRC\PROGRAMAS\CODIGOOBJETO.ASM 68 : Found opcode in column 1. (call)
Warning[203] C:\USERS\SOLDA\DESKTOP\COMPILADOR_V3\COMPILER-MAIN\SRC\PROGRAMAS\CODIGOOBJETO.ASM 69 : Found opcode in column 1. (call)
Warning[203] C:\USERS\SOLDA\DESKTOP\COMPILADOR_V3\COMPILER-MAIN\SRC\PROGRAMAS\CODIGOOBJETO.ASM 70 : Found opcode in column 1. (bcf)
Warning[203] C:\USERS\SOLDA\DESKTOP\COMPILADOR_V3\COMPILER-MAIN\SRC\PROGRAMAS\CODIGOOBJETO.ASM 71 : Found opcode in column 1. (bcf)
Warning[203] C:\USERS\SOLDA\DESKTOP\COMPILADOR_V3\COMPILER-MAIN\SRC\PROGRAMAS\CODIGOOBJETO.ASM 72 : Found opcode in column 1. (call)
Warning[206] C:\USERS\SOLDA\DESKTOP\COMPILADOR_V3\COMPILER-MAIN\SRC\PROGRAMAS\CODIGOOBJETO.ASM 166 : Found call to macro in column 1. (plantar)
Warning[203] C:\USERS\SOLDA\DESKTOP\COMPILADOR_V3\COMPILER-MAIN\SRC\PROGRAMAS\CODIGOOBJETO.ASM 91 : Found opcode in column 1. (bsf)
Warning[203] C:\USERS\SOLDA\DESKTOP\COMPILADOR_V3\COMPILER-MAIN\SRC\PROGRAMAS\CODIGOOBJETO.ASM 92 : Found opcode in column 1. (call)
Warning[203] C:\USERS\SOLDA\DESKTOP\COMPILADOR_V3\COMPILER-MAIN\SRC\PROGRAMAS\CODIGOOBJETO.ASM 93 : Found opcode in column 1. (call)
Warning[203] C:\USERS\SOLDA\DESKTOP\COMPILADOR_V3\COMPILER-MAIN\SRC\PROGRAMAS\CODIGOOBJETO.ASM 94 : Found opcode in column 1. (call)
Warning[203] C:\USERS\SOLDA\DESKTOP\COMPILADOR_V3\COMPILER-MAIN\SRC\PROGRAMAS\CODIGOOBJETO.ASM 95 : Found opcode in column 1. (call)
Warning[203] C:\USERS\SOLDA\DESKTOP\COMPILADOR_V3\COMPILER-MAIN\SRC\PROGRAMAS\CODIGOOBJETO.ASM 96 : Found opcode in column 1. (call)
Warning[203] C:\USERS\SOLDA\DESKTOP\COMPILADOR_V3\COMPILER-MAIN\SRC\PROGRAMAS\CODIGOOBJETO.ASM 97 : Found opcode in column 1. (bcf)
Warning[203] C:\USERS\SOLDA\DESKTOP\COMPILADOR_V3\COMPILER-MAIN\SRC\PROGRAMAS\CODIGOOBJETO.ASM 98 : Found opcode in column 1. (call)
Warning[206] C:\USERS\SOLDA\DESKTOP\COMPILADOR_V3\COMPILER-MAIN\SRC\PROGRAMAS\CODIGOOBJETO.ASM 167 : Found call to macro in column 1. (plantar)
Warning[203] C:\USERS\SOLDA\DESKTOP\COMPILADOR_V3\COMPILER-MAIN\SRC\PROGRAMAS\CODIGOOBJETO.ASM 91 : Found opcode in column 1. (bsf)
Warning[203] C:\USERS\SOLDA\DESKTOP\COMPILADOR_V3\COMPILER-MAIN\SRC\PROGRAMAS\CODIGOOBJETO.ASM 92 : Found opcode in column 1. (call)
Warning[203] C:\USERS\SOLDA\DESKTOP\COMPILADOR_V3\COMPILER-MAIN\SRC\PROGRAMAS\CODIGOOBJETO.ASM 93 : Found opcode in column 1. (call)
Warning[203] C:\USERS\SOLDA\DESKTOP\COMPILADOR_V3\COMPILER-MAIN\SRC\PROGRAMAS\CODIGOOBJETO.ASM 94 : Found opcode in column 1. (call)
Warning[203] C:\USERS\SOLDA\DESKTOP\COMPILADOR_V3\COMPILER-MAIN\SRC\PROGRAMAS\CODIGOOBJETO.ASM 95 : Found opcode in column 1. (call)
Warning[203] C:\USERS\SOLDA\DESKTOP\COMPILADOR_V3\COMPILER-MAIN\SRC\PROGRAMAS\CODIGOOBJETO.ASM 96 : Found opcode in column 1. (call)
Warning[203] C:\USERS\SOLDA\DESKTOP\COMPILADOR_V3\COMPILER-MAIN\SRC\PROGRAMAS\CODIGOOBJETO.ASM 97 : Found opcode in column 1. (bcf)
Warning[203] C:\USERS\SOLDA\DESKTOP\COMPILADOR_V3\COMPILER-MAIN\SRC\PROGRAMAS\CODIGOOBJETO.ASM 98 : Found opcode in column 1. (call)
Warning[206] C:\USERS\SOLDA\DESKTOP\COMPILADOR_V3\COMPILER-MAIN\SRC\PROGRAMAS\CODIGOOBJETO.ASM 168 : Found call to macro in column 1. (plantar)
Warning[203] C:\USERS\SOLDA\DESKTOP\COMPILADOR_V3\COMPILER-MAIN\SRC\PROGRAMAS\CODIGOOBJETO.ASM 91 : Found opcode in column 1. (bsf)
Warning[203] C:\USERS\SOLDA\DESKTOP\COMPILADOR_V3\COMPILER-MAIN\SRC\PROGRAMAS\CODIGOOBJETO.ASM 92 : Found opcode in column 1. (call)
Warning[203] C:\USERS\SOLDA\DESKTOP\COMPILADOR_V3\COMPILER-MAIN\SRC\PROGRAMAS\CODIGOOBJETO.ASM 93 : Found opcode in column 1. (call)
Warning[203] C:\USERS\SOLDA\DESKTOP\COMPILADOR_V3\COMPILER-MAIN\SRC\PROGRAMAS\CODIGOOBJETO.ASM 94 : Found opcode in column 1. (call)
Warning[203] C:\USERS\SOLDA\DESKTOP\COMPILADOR_V3\COMPILER-MAIN\SRC\PROGRAMAS\CODIGOOBJETO.ASM 95 : Found opcode in column 1. (call)
Warning[203] C:\USERS\SOLDA\DESKTOP\COMPILADOR_V3\COMPILER-MAIN\SRC\PROGRAMAS\CODIGOOBJETO.ASM 96 : Found opcode in column 1. (call)
Warning[203] C:\USERS\SOLDA\DESKTOP\COMPILADOR_V3\COMPILER-MAIN\SRC\PROGRAMAS\CODIGOOBJETO.ASM 97 : Found opcode in column 1. (bcf)
Warning[203] C:\USERS\SOLDA\DESKTOP\COMPILADOR_V3\COMPILER-MAIN\SRC\PROGRAMAS\CODIGOOBJETO.ASM 98 : Found opcode in column 1. (call)
Warning[206] C:\USERS\SOLDA\DESKTOP\COMPILADOR_V3\COMPILER-MAIN\SRC\PROGRAMAS\CODIGOOBJETO.ASM 169 : Found call to macro in column 1. (plantar)
Warning[203] C:\USERS\SOLDA\DESKTOP\COMPILADOR_V3\COMPILER-MAIN\SRC\PROGRAMAS\CODIGOOBJETO.ASM 91 : Found opcode in column 1. (bsf)
Warning[203] C:\USERS\SOLDA\DESKTOP\COMPILADOR_V3\COMPILER-MAIN\SRC\PROGRAMAS\CODIGOOBJETO.ASM 92 : Found opcode in column 1. (call)
Warning[203] C:\USERS\SOLDA\DESKTOP\COMPILADOR_V3\COMPILER-MAIN\SRC\PROGRAMAS\CODIGOOBJETO.ASM 93 : Found opcode in column 1. (call)
Warning[203] C:\USERS\SOLDA\DESKTOP\COMPILADOR_V3\COMPILER-MAIN\SRC\PROGRAMAS\CODIGOOBJETO.ASM 94 : Found opcode in column 1. (call)
Warning[203] C:\USERS\SOLDA\DESKTOP\COMPILADOR_V3\COMPILER-MAIN\SRC\PROGRAMAS\CODIGOOBJETO.ASM 95 : Found opcode in column 1. (call)
Warning[203] C:\USERS\SOLDA\DESKTOP\COMPILADOR_V3\COMPILER-MAIN\SRC\PROGRAMAS\CODIGOOBJETO.ASM 96 : Found opcode in column 1. (call)
Warning[203] C:\USERS\SOLDA\DESKTOP\COMPILADOR_V3\COMPILER-MAIN\SRC\PROGRAMAS\CODIGOOBJETO.ASM 97 : Found opcode in column 1. (bcf)
Warning[203] C:\USERS\SOLDA\DESKTOP\COMPILADOR_V3\COMPILER-MAIN\SRC\PROGRAMAS\CODIGOOBJETO.ASM 98 : Found opcode in column 1. (call)
Warning[206] C:\USERS\SOLDA\DESKTOP\COMPILADOR_V3\COMPILER-MAIN\SRC\PROGRAMAS\CODIGOOBJETO.ASM 170 : Found call to macro in column 1. (plantar)
Warning[203] C:\USERS\SOLDA\DESKTOP\COMPILADOR_V3\COMPILER-MAIN\SRC\PROGRAMAS\CODIGOOBJETO.ASM 91 : Found opcode in column 1. (bsf)
Warning[203] C:\USERS\SOLDA\DESKTOP\COMPILADOR_V3\COMPILER-MAIN\SRC\PROGRAMAS\CODIGOOBJETO.ASM 92 : Found opcode in column 1. (call)
Warning[203] C:\USERS\SOLDA\DESKTOP\COMPILADOR_V3\COMPILER-MAIN\SRC\PROGRAMAS\CODIGOOBJETO.ASM 93 : Found opcode in column 1. (call)
Warning[203] C:\USERS\SOLDA\DESKTOP\COMPILADOR_V3\COMPILER-MAIN\SRC\PROGRAMAS\CODIGOOBJETO.ASM 94 : Found opcode in column 1. (call)
Warning[203] C:\USERS\SOLDA\DESKTOP\COMPILADOR_V3\COMPILER-MAIN\SRC\PROGRAMAS\CODIGOOBJETO.ASM 95 : Found opcode in column 1. (call)
Warning[203] C:\USERS\SOLDA\DESKTOP\COMPILADOR_V3\COMPILER-MAIN\SRC\PROGRAMAS\CODIGOOBJETO.ASM 96 : Found opcode in column 1. (call)
Warning[203] C:\USERS\SOLDA\DESKTOP\COMPILADOR_V3\COMPILER-MAIN\SRC\PROGRAMAS\CODIGOOBJETO.ASM 97 : Found opcode in column 1. (bcf)
Warning[203] C:\USERS\SOLDA\DESKTOP\COMPILADOR_V3\COMPILER-MAIN\SRC\PROGRAMAS\CODIGOOBJETO.ASM 98 : Found opcode in column 1. (call)
Warning[203] C:\USERS\SOLDA\DESKTOP\COMPILADOR_V3\COMPILER-MAIN\SRC\PROGRAMAS\CODIGOOBJETO.ASM 172 : Found opcode in column 1. (movlw)
Warning[203] C:\USERS\SOLDA\DESKTOP\COMPILADOR_V3\COMPILER-MAIN\SRC\PROGRAMAS\CODIGOOBJETO.ASM 173 : Found opcode in column 1. (movwf)
Warning[206] C:\USERS\SOLDA\DESKTOP\COMPILADOR_V3\COMPILER-MAIN\SRC\PROGRAMAS\CODIGOOBJETO.ASM 176 : Found call to macro in column 1. (izquierda)
Warning[203] C:\USERS\SOLDA\DESKTOP\COMPILADOR_V3\COMPILER-MAIN\SRC\PROGRAMAS\CODIGOOBJETO.ASM 33 : Found opcode in column 1. (bsf)
Warning[203] C:\USERS\SOLDA\DESKTOP\COMPILADOR_V3\COMPILER-MAIN\SRC\PROGRAMAS\CODIGOOBJETO.ASM 34 : Found opcode in column 1. (bsf)
Warning[203] C:\USERS\SOLDA\DESKTOP\COMPILADOR_V3\COMPILER-MAIN\SRC\PROGRAMAS\CODIGOOBJETO.ASM 35 : Found opcode in column 1. (call)
Warning[203] C:\USERS\SOLDA\DESKTOP\COMPILADOR_V3\COMPILER-MAIN\SRC\PROGRAMAS\CODIGOOBJETO.ASM 36 : Found opcode in column 1. (call)
Warning[203] C:\USERS\SOLDA\DESKTOP\COMPILADOR_V3\COMPILER-MAIN\SRC\PROGRAMAS\CODIGOOBJETO.ASM 37 : Found opcode in column 1. (call)
Warning[203] C:\USERS\SOLDA\DESKTOP\COMPILADOR_V3\COMPILER-MAIN\SRC\PROGRAMAS\CODIGOOBJETO.ASM 38 : Found opcode in column 1. (call)
Warning[203] C:\USERS\SOLDA\DESKTOP\COMPILADOR_V3\COMPILER-MAIN\SRC\PROGRAMAS\CODIGOOBJETO.ASM 39 : Found opcode in column 1. (call)
Warning[203] C:\USERS\SOLDA\DESKTOP\COMPILADOR_V3\COMPILER-MAIN\SRC\PROGRAMAS\CODIGOOBJETO.ASM 40 : Found opcode in column 1. (bcf)
Warning[203] C:\USERS\SOLDA\DESKTOP\COMPILADOR_V3\COMPILER-MAIN\SRC\PROGRAMAS\CODIGOOBJETO.ASM 41 : Found opcode in column 1. (bcf)
Warning[203] C:\USERS\SOLDA\DESKTOP\COMPILADOR_V3\COMPILER-MAIN\SRC\PROGRAMAS\CODIGOOBJETO.ASM 42 : Found opcode in column 1. (call)
Warning[206] C:\USERS\SOLDA\DESKTOP\COMPILADOR_V3\COMPILER-MAIN\SRC\PROGRAMAS\CODIGOOBJETO.ASM 179 : Found call to macro in column 1. (adelante)
Warning[203] C:\USERS\SOLDA\DESKTOP\COMPILADOR_V3\COMPILER-MAIN\SRC\PROGRAMAS\CODIGOOBJETO.ASM 77 : Found opcode in column 1. (bsf)
Warning[203] C:\USERS\SOLDA\DESKTOP\COMPILADOR_V3\COMPILER-MAIN\SRC\PROGRAMAS\CODIGOOBJETO.ASM 78 : Found opcode in column 1. (bsf)
Warning[203] C:\USERS\SOLDA\DESKTOP\COMPILADOR_V3\COMPILER-MAIN\SRC\PROGRAMAS\CODIGOOBJETO.ASM 79 : Found opcode in column 1. (call)
Warning[203] C:\USERS\SOLDA\DESKTOP\COMPILADOR_V3\COMPILER-MAIN\SRC\PROGRAMAS\CODIGOOBJETO.ASM 80 : Found opcode in column 1. (call)
Warning[203] C:\USERS\SOLDA\DESKTOP\COMPILADOR_V3\COMPILER-MAIN\SRC\PROGRAMAS\CODIGOOBJETO.ASM 81 : Found opcode in column 1. (call)
Warning[203] C:\USERS\SOLDA\DESKTOP\COMPILADOR_V3\COMPILER-MAIN\SRC\PROGRAMAS\CODIGOOBJETO.ASM 82 : Found opcode in column 1. (call)
Warning[203] C:\USERS\SOLDA\DESKTOP\COMPILADOR_V3\COMPILER-MAIN\SRC\PROGRAMAS\CODIGOOBJETO.ASM 83 : Found opcode in column 1. (call)
Warning[203] C:\USERS\SOLDA\DESKTOP\COMPILADOR_V3\COMPILER-MAIN\SRC\PROGRAMAS\CODIGOOBJETO.ASM 84 : Found opcode in column 1. (bcf)
Warning[203] C:\USERS\SOLDA\DESKTOP\COMPILADOR_V3\COMPILER-MAIN\SRC\PROGRAMAS\CODIGOOBJETO.ASM 85 : Found opcode in column 1. (bcf)
Warning[203] C:\USERS\SOLDA\DESKTOP\COMPILADOR_V3\COMPILER-MAIN\SRC\PROGRAMAS\CODIGOOBJETO.ASM 86 : Found opcode in column 1. (call)
Warning[206] C:\USERS\SOLDA\DESKTOP\COMPILADOR_V3\COMPILER-MAIN\SRC\PROGRAMAS\CODIGOOBJETO.ASM 181 : Found call to macro in column 1. (derecha)
Warning[203] C:\USERS\SOLDA\DESKTOP\COMPILADOR_V3\COMPILER-MAIN\SRC\PROGRAMAS\CODIGOOBJETO.ASM 47 : Found opcode in column 1. (bsf)
Warning[203] C:\USERS\SOLDA\DESKTOP\COMPILADOR_V3\COMPILER-MAIN\SRC\PROGRAMAS\CODIGOOBJETO.ASM 48 : Found opcode in column 1. (bsf)
Warning[203] C:\USERS\SOLDA\DESKTOP\COMPILADOR_V3\COMPILER-MAIN\SRC\PROGRAMAS\CODIGOOBJETO.ASM 49 : Found opcode in column 1. (call)
Warning[203] C:\USERS\SOLDA\DESKTOP\COMPILADOR_V3\COMPILER-MAIN\SRC\PROGRAMAS\CODIGOOBJETO.ASM 50 : Found opcode in column 1. (call)
Warning[203] C:\USERS\SOLDA\DESKTOP\COMPILADOR_V3\COMPILER-MAIN\SRC\PROGRAMAS\CODIGOOBJETO.ASM 51 : Found opcode in column 1. (call)
Warning[203] C:\USERS\SOLDA\DESKTOP\COMPILADOR_V3\COMPILER-MAIN\SRC\PROGRAMAS\CODIGOOBJETO.ASM 52 : Found opcode in column 1. (call)
Warning[203] C:\USERS\SOLDA\DESKTOP\COMPILADOR_V3\COMPILER-MAIN\SRC\PROGRAMAS\CODIGOOBJETO.ASM 53 : Found opcode in column 1. (call)
Warning[203] C:\USERS\SOLDA\DESKTOP\COMPILADOR_V3\COMPILER-MAIN\SRC\PROGRAMAS\CODIGOOBJETO.ASM 54 : Found opcode in column 1. (bcf)
Warning[203] C:\USERS\SOLDA\DESKTOP\COMPILADOR_V3\COMPILER-MAIN\SRC\PROGRAMAS\CODIGOOBJETO.ASM 55 : Found opcode in column 1. (bcf)
Warning[203] C:\USERS\SOLDA\DESKTOP\COMPILADOR_V3\COMPILER-MAIN\SRC\PROGRAMAS\CODIGOOBJETO.ASM 56 : Found opcode in column 1. (call)
Warning[206] C:\USERS\SOLDA\DESKTOP\COMPILADOR_V3\COMPILER-MAIN\SRC\PROGRAMAS\CODIGOOBJETO.ASM 184 : Found call to macro in column 1. (adelante)
Warning[203] C:\USERS\SOLDA\DESKTOP\COMPILADOR_V3\COMPILER-MAIN\SRC\PROGRAMAS\CODIGOOBJETO.ASM 77 : Found opcode in column 1. (bsf)
Warning[203] C:\USERS\SOLDA\DESKTOP\COMPILADOR_V3\COMPILER-MAIN\SRC\PROGRAMAS\CODIGOOBJETO.ASM 78 : Found opcode in column 1. (bsf)
Warning[203] C:\USERS\SOLDA\DESKTOP\COMPILADOR_V3\COMPILER-MAIN\SRC\PROGRAMAS\CODIGOOBJETO.ASM 79 : Found opcode in column 1. (call)
Warning[203] C:\USERS\SOLDA\DESKTOP\COMPILADOR_V3\COMPILER-MAIN\SRC\PROGRAMAS\CODIGOOBJETO.ASM 80 : Found opcode in column 1. (call)
Warning[203] C:\USERS\SOLDA\DESKTOP\COMPILADOR_V3\COMPILER-MAIN\SRC\PROGRAMAS\CODIGOOBJETO.ASM 81 : Found opcode in column 1. (call)
Warning[203] C:\USERS\SOLDA\DESKTOP\COMPILADOR_V3\COMPILER-MAIN\SRC\PROGRAMAS\CODIGOOBJETO.ASM 82 : Found opcode in column 1. (call)
Warning[203] C:\USERS\SOLDA\DESKTOP\COMPILADOR_V3\COMPILER-MAIN\SRC\PROGRAMAS\CODIGOOBJETO.ASM 83 : Found opcode in column 1. (call)
Warning[203] C:\USERS\SOLDA\DESKTOP\COMPILADOR_V3\COMPILER-MAIN\SRC\PROGRAMAS\CODIGOOBJETO.ASM 84 : Found opcode in column 1. (bcf)
Warning[203] C:\USERS\SOLDA\DESKTOP\COMPILADOR_V3\COMPILER-MAIN\SRC\PROGRAMAS\CODIGOOBJETO.ASM 85 : Found opcode in column 1. (bcf)
Warning[203] C:\USERS\SOLDA\DESKTOP\COMPILADOR_V3\COMPILER-MAIN\SRC\PROGRAMAS\CODIGOOBJETO.ASM 86 : Found opcode in column 1. (call)
Warning[203] C:\USERS\SOLDA\DESKTOP\COMPILADOR_V3\COMPILER-MAIN\SRC\PROGRAMAS\CODIGOOBJETO.ASM 185 : Found opcode in column 1. (decfsz)
Warning[203] C:\USERS\SOLDA\DESKTOP\COMPILADOR_V3\COMPILER-MAIN\SRC\PROGRAMAS\CODIGOOBJETO.ASM 186 : Found opcode in column 1. (goto)
Warning[203] C:\USERS\SOLDA\DESKTOP\COMPILADOR_V3\COMPILER-MAIN\SRC\PROGRAMAS\CODIGOOBJETO.ASM 187 : Found opcode in column 1. (goto)
Warning[203] C:\USERS\SOLDA\DESKTOP\COMPILADOR_V3\COMPILER-MAIN\SRC\PROGRAMAS\CODIGOOBJETO.ASM 190 : Found opcode in column 1. (movlw)
Warning[203] C:\USERS\SOLDA\DESKTOP\COMPILADOR_V3\COMPILER-MAIN\SRC\PROGRAMAS\CODIGOOBJETO.ASM 191 : Found opcode in column 1. (movwf)
Warning[203] C:\USERS\SOLDA\DESKTOP\COMPILADOR_V3\COMPILER-MAIN\SRC\PROGRAMAS\CODIGOOBJETO.ASM 193 : Found opcode in column 1. (movlw)
Warning[203] C:\USERS\SOLDA\DESKTOP\COMPILADOR_V3\COMPILER-MAIN\SRC\PROGRAMAS\CODIGOOBJETO.ASM 194 : Found opcode in column 1. (movwf)
Warning[203] C:\USERS\SOLDA\DESKTOP\COMPILADOR_V3\COMPILER-MAIN\SRC\PROGRAMAS\CODIGOOBJETO.ASM 196 : Found opcode in column 1. (decfsz)
Warning[203] C:\USERS\SOLDA\DESKTOP\COMPILADOR_V3\COMPILER-MAIN\SRC\PROGRAMAS\CODIGOOBJETO.ASM 197 : Found opcode in column 1. (goto)
Warning[203] C:\USERS\SOLDA\DESKTOP\COMPILADOR_V3\COMPILER-MAIN\SRC\PROGRAMAS\CODIGOOBJETO.ASM 198 : Found opcode in column 1. (decfsz)
Warning[203] C:\USERS\SOLDA\DESKTOP\COMPILADOR_V3\COMPILER-MAIN\SRC\PROGRAMAS\CODIGOOBJETO.ASM 199 : Found opcode in column 1. (goto)
Warning[203] C:\USERS\SOLDA\DESKTOP\COMPILADOR_V3\COMPILER-MAIN\SRC\PROGRAMAS\CODIGOOBJETO.ASM 200 : Found opcode in column 1. (return)
Warning[203] C:\USERS\SOLDA\DESKTOP\COMPILADOR_V3\COMPILER-MAIN\SRC\PROGRAMAS\CODIGOOBJETO.ASM 202 : Found opcode in column 1. (sleep)
Warning[205] C:\USERS\SOLDA\DESKTOP\COMPILADOR_V3\COMPILER-MAIN\SRC\PROGRAMAS\CODIGOOBJETO.ASM 204 : Found directive in column 1. (END)
